 Image compose-medforge-api Building 
 Image compose-medforge-api-worker Building 
 Image compose-medforge-web Building 
 Image compose-medforge-caddy Building 
#1 [internal] load local bake definitions
#1 reading from stdin 2.03kB done
#1 DONE 0.0s

#2 [medforge-web internal] load build definition from Dockerfile
#2 transferring dockerfile: 1.02kB done
#2 DONE 0.0s

#3 [medforge-api internal] load build definition from Dockerfile
#3 transferring dockerfile: 881B done
#3 DONE 0.0s

#4 [medforge-caddy internal] load build definition from Dockerfile
#4 transferring dockerfile: 450B done
#4 DONE 0.1s

#5 [medforge-api-worker internal] load metadata for docker.io/library/python:3.12-slim
#5 DONE 0.1s

#6 [medforge-caddy internal] load metadata for docker.io/library/caddy:2-builder@sha256:01668408cc26e2e00c9d067c30cb43b2ba14ad1f2808beda55503cb2a31f59dc
#6 DONE 0.1s

#7 [medforge-caddy internal] load metadata for docker.io/library/caddy:2@sha256:c3d7ee5d2b11f9dc54f947f68a734c84e9c9666c92c88a7f30b9cba5da182adb
#7 DONE 0.1s

#8 [medforge-api-worker internal] load .dockerignore
#8 transferring context: 125B done
#8 DONE 0.0s

#9 [medforge-api internal] load build context
#9 DONE 0.0s

#10 [medforge-caddy internal] load .dockerignore
#10 transferring context: 2B done
#10 DONE 0.0s

#11 [medforge-api 1/5] FROM docker.io/library/python:3.12-slim@sha256:9e01bf1ae5db7649a236da7be1e94ffbbbdd7a93f867dd0d8d5720d9e1f89fab
#11 resolve docker.io/library/python:3.12-slim@sha256:9e01bf1ae5db7649a236da7be1e94ffbbbdd7a93f867dd0d8d5720d9e1f89fab 0.1s done
#11 resolve docker.io/library/python:3.12-slim@sha256:9e01bf1ae5db7649a236da7be1e94ffbbbdd7a93f867dd0d8d5720d9e1f89fab 0.1s done
#11 DONE 0.1s

#12 [medforge-caddy stage-1 1/2] FROM docker.io/library/caddy:2@sha256:c3d7ee5d2b11f9dc54f947f68a734c84e9c9666c92c88a7f30b9cba5da182adb
#12 resolve docker.io/library/caddy:2@sha256:c3d7ee5d2b11f9dc54f947f68a734c84e9c9666c92c88a7f30b9cba5da182adb 0.1s done
#12 DONE 0.1s

#13 [medforge-caddy builder 1/2] FROM docker.io/library/caddy:2-builder@sha256:01668408cc26e2e00c9d067c30cb43b2ba14ad1f2808beda55503cb2a31f59dc
#13 resolve docker.io/library/caddy:2-builder@sha256:01668408cc26e2e00c9d067c30cb43b2ba14ad1f2808beda55503cb2a31f59dc 0.1s done
#13 DONE 0.1s

#9 [medforge-api-worker internal] load build context
#9 transferring context: 9.03kB 0.0s done
#9 DONE 0.0s

#14 [medforge-caddy builder 2/2] RUN xcaddy build --with github.com/caddy-dns/cloudflare
#14 CACHED

#15 [medforge-caddy stage-1 2/2] COPY --from=builder /usr/bin/caddy /usr/bin/caddy
#15 CACHED

#16 [medforge-api 4/5] RUN apt-get update     && apt-get install -y --no-install-recommends curl ca-certificates     && curl -LsSf https://astral.sh/uv/0.8.22/install.sh | sh     && ln -s /root/.local/bin/uv /usr/local/bin/uv     && uv pip install --system --no-cache-dir .     && apt-get clean && rm -rf /var/lib/apt/lists/*
#16 CACHED

#17 [medforge-api 2/5] WORKDIR /app
#17 CACHED

#18 [medforge-api 3/5] COPY . .
#18 CACHED

#19 [medforge-api 5/5] RUN groupadd -g 995 docker || true     && useradd -r -m -s /bin/false -G docker medforge     && chown -R medforge:medforge /app
#19 CACHED

#20 [medforge-api-worker 5/5] RUN groupadd -g 999 docker || true     && useradd -r -m -s /bin/false -G docker medforge     && chown -R medforge:medforge /app
#20 CACHED

#21 [medforge-api] exporting to image
#21 exporting layers done
#21 exporting manifest sha256:0d176d5e562212a8531f2335f83384b4ca5c113889a112dcb27adf9c2a697155 done
#21 exporting config sha256:a4b82b36dc868c905b770fc08c430740125772e048ea5f655f4b42fc3d699da0 0.0s done
#21 exporting attestation manifest sha256:6c15b8b218a392c33ca6740a7c353d6898eb1eefbc31ccde5771a21f6873bd99
#21 exporting attestation manifest sha256:6c15b8b218a392c33ca6740a7c353d6898eb1eefbc31ccde5771a21f6873bd99 0.1s done
#21 exporting manifest list sha256:7bf117472257e0306b50b15d3cbb2be9812f222f377ce291ee20d3aa65a8388c
#21 exporting manifest list sha256:7bf117472257e0306b50b15d3cbb2be9812f222f377ce291ee20d3aa65a8388c 0.0s done
#21 naming to docker.io/library/compose-medforge-api:latest 0.0s done
#21 unpacking to docker.io/library/compose-medforge-api:latest 0.0s done
#21 DONE 0.3s

#22 [medforge-caddy] exporting to image
#22 exporting layers done
#22 exporting manifest sha256:b463700f506373c916c63869919fdbd5abee2f47b37cc7989f27f84e7229a2ae done
#22 exporting config sha256:6b334487a46eb84c770484b68651c5f4ea0121c5d5e4a3788c2d622ea095c9fd done
#22 exporting attestation manifest sha256:52ee5e62d7545227b15f570bcb3c22915f10df60ed8fb79325efaac63019d326 0.1s done
#22 exporting manifest list sha256:99f4470b3edcb7d2c3100c3574e8c45b5194e0d5d9fbc5308a144696c37bb5aa 0.1s done
#22 naming to docker.io/library/compose-medforge-caddy:latest 0.0s done
#22 unpacking to docker.io/library/compose-medforge-caddy:latest 0.0s done
#22 DONE 0.3s

#23 [medforge-api-worker] exporting to image
#23 exporting layers done
#23 exporting manifest sha256:a344aa04b39bdbc4ae7e64c20db33342c38219040a03e9965cf3e84f52b7ebf3 0.0s done
#23 exporting config sha256:34d2b2ecb1ad26f6ec49fb46c374cbcd9746cd8015dda40045b4c045ad772f60 done
#23 exporting attestation manifest sha256:abd2ae40b5b76be4e34725c651a3371bc785326c3983ace1ef4526cfb346f30e 0.1s done
#23 exporting manifest list sha256:f5995b7fb956c7d36e4c1575da0f4f599421a326b8fed4266ab53b1d4b813979 0.0s done
#23 naming to docker.io/library/compose-medforge-api-worker:latest 0.0s done
#23 unpacking to docker.io/library/compose-medforge-api-worker:latest 0.0s done
#23 DONE 0.3s

#24 [medforge-web internal] load metadata for docker.io/library/node:20-alpine
#24 DONE 0.8s

#25 [medforge-web internal] load .dockerignore
#25 transferring context: 110B done
#25 DONE 0.0s

#26 [medforge-web builder 1/6] FROM docker.io/library/node:20-alpine@sha256:09e2b3d9726018aecf269bd35325f46bf75046a643a66d28360ec71132750ec8
#26 resolve docker.io/library/node:20-alpine@sha256:09e2b3d9726018aecf269bd35325f46bf75046a643a66d28360ec71132750ec8 0.0s done
#26 DONE 0.0s

#27 [medforge-web internal] load build context
#27 transferring context: 2.80kB done
#27 DONE 0.0s

#28 [medforge-web runner 5/6] COPY --from=builder --chown=nextjs:nextjs /app/.next/standalone ./
#28 CACHED

#29 [medforge-web builder 3/6] COPY package.json package-lock.json* ./
#29 CACHED

#30 [medforge-web builder 6/6] RUN npm run build
#30 CACHED

#31 [medforge-web runner 4/6] COPY --from=builder /app/public ./public
#31 CACHED

#32 [medforge-web builder 2/6] WORKDIR /app
#32 CACHED

#33 [medforge-web runner 3/6] RUN addgroup --system --gid 1001 nextjs     && adduser --system --uid 1001 nextjs
#33 CACHED

#34 [medforge-web builder 4/6] RUN npm ci --no-audit --no-fund
#34 CACHED

#35 [medforge-web builder 5/6] COPY . .
#35 CACHED

#36 [medforge-web runner 6/6] COPY --from=builder --chown=nextjs:nextjs /app/.next/static ./.next/static
#36 CACHED

#37 [medforge-api] resolving provenance for metadata file
#37 DONE 0.2s

#38 [medforge-caddy] resolving provenance for metadata file
#38 DONE 0.2s

#39 [medforge-web] exporting to image
#39 exporting layers done
#39 exporting manifest sha256:993a6d38dc4e1e49955bf683f9cbc79e556714229725c1042e330ef09a46253a done
#39 exporting config sha256:1a5886674a74d8f60a5da1b85ad022b534e26c6d2852c71f061e160af5171cfd done
#39 exporting attestation manifest sha256:7d749494a5caef8d8bd044c239f346efdd9aa257e6fbe9b656057868f06b2aac 0.1s done
#39 exporting manifest list sha256:20f9ba831ce69bd1d5974a78412a01bcd4669d9f4c183cb3436236708f23de5c 0.0s done
#39 naming to docker.io/library/compose-medforge-web:latest 0.0s done
#39 unpacking to docker.io/library/compose-medforge-web:latest 0.0s done
#39 DONE 0.2s

#40 [medforge-api-worker] resolving provenance for metadata file
#40 DONE 0.0s

#41 [medforge-web] resolving provenance for metadata file
#41 DONE 0.0s
 Image compose-medforge-api Built 
 Image compose-medforge-web Built 
 Image compose-medforge-api-worker Built 
 Image compose-medforge-caddy Built 
 Container medforge-caddy Recreate 
 Container medforge-db Running 
 Container medforge-api-worker Recreate 
 Container medforge-api Recreate 
 Container medforge-caddy Recreated 
 Container medforge-api Recreated 
 Container medforge-web Recreate 
 Container medforge-web Recreated 
 Container medforge-api-worker Recreated 
 Container medforge-caddy Starting 
 Container medforge-api Starting 
 Container medforge-api-worker Starting 
 Container medforge-api-worker Started 
 Container medforge-caddy Started 
 Container medforge-api Started 
 Container medforge-web Starting 
 Container medforge-web Started 
NAME                  IMAGE                                                                                COMMAND                  SERVICE               CREATED          STATUS                  PORTS
medforge-api          compose-medforge-api                                                                 "uvicorn app.main:ap…"   medforge-api          12 seconds ago   Up Less than a second   8000/tcp
medforge-api-worker   compose-medforge-api-worker                                                          "python -m app.worke…"   medforge-api-worker   12 seconds ago   Up Less than a second   8000/tcp
medforge-caddy        compose-medforge-caddy                                                               "caddy run --config …"   medforge-caddy        12 seconds ago   Up Less than a second   0.0.0.0:80->80/tcp, [::]:80->80/tcp, 0.0.0.0:443->443/tcp, [::]:443->443/tcp, 0.0.0.0:443->443/udp, [::]:443->443/udp, 2019/tcp
medforge-db           mariadb:11@sha256:7fcb6109db2ba31b22a5709c1eaf9e84f76c9f1b9b9031ef09f24092f7f207cc   "docker-entrypoint.s…"   medforge-db           3 minutes ago    Up 3 minutes            3306/tcp
medforge-web          compose-medforge-web                                                                 "docker-entrypoint.s…"   medforge-web          11 seconds ago   Up Less than a second   3000/tcp
