
### Create Sessions

- create A: `{"data":{"message":"Session started.","session":{"id":"f4fb1834-5fc5-4fc6-b73a-df8160653a56","user_id":"e3f605ce-b3b1-41f8-af1d-e539de81b451","exposure":"external","pack_id":"00000000-0000-0000-0000-000000000100","status":"running","container_id":"38baa858129a0684a18272320c04d58d4b038dc75755899ea3107f30f5a82146","gpu_id":0,"slug":"rcei63vy","workspace_zfs":"tank/medforge/workspaces/e3f605ce-b3b1-41f8-af1d-e539de81b451/f4fb1834-5fc5-4fc6-b73a-df8160653a56","created_at":"2026-02-17T05:16:26.377315","started_at":"2026-02-17T05:16:27.002754","stopped_at":null,"error_message":null}},"meta":{"request_id":"c1d95dba-25f2-4521-8d95-24139d832dd3","api_version":"v1.0","timestamp":"2026-02-17T05:16:27.015963Z","limit":null,"next_cursor":null,"has_more":null}}`
- create B: `{"data":{"message":"Session started.","session":{"id":"bbde18c7-6516-4049-a253-34c0634ec8bd","user_id":"8ab5bb05-1044-4b7d-af24-bac573f5737a","exposure":"external","pack_id":"00000000-0000-0000-0000-000000000100","status":"running","container_id":"02ee042e0bf252f2658b515a617774a31d59e15af61de3c2d27063ddbaa1121c","gpu_id":1,"slug":"6bh7kmg3","workspace_zfs":"tank/medforge/workspaces/8ab5bb05-1044-4b7d-af24-bac573f5737a/bbde18c7-6516-4049-a253-34c0634ec8bd","created_at":"2026-02-17T05:16:27.111597","started_at":"2026-02-17T05:16:27.776196","stopped_at":null,"error_message":null}},"meta":{"request_id":"3a6580d7-ddbd-4606-9dce-4b703ec50e38","api_version":"v1.0","timestamp":"2026-02-17T05:16:27.790238Z","limit":null,"next_cursor":null,"has_more":null}}`

### End-to-End Core Runtime

- GPU in session A: `NVIDIA GeForce RTX 5090`
- workspace write/read: `alpha`
- stop A: `{"data":{"message":"Session stop requested."},"meta":{"request_id":"67b677b7-0463-4f6c-a541-d2a8fe705d6e","api_version":"v1.0","timestamp":"2026-02-17T05:16:28.107681Z","limit":null,"next_cursor":null,"has_more":null}}`
- snapshot: `tank/medforge/workspaces/e3f605ce-b3b1-41f8-af1d-e539de81b451/f4fb1834-5fc5-4fc6-b73a-df8160653a56@stop-1771305390538`
- stop B: `{"data":{"message":"Session stop requested."},"meta":{"request_id":"bb7c8a98-0b2c-472c-93a3-cbd098c354aa","api_version":"v1.0","timestamp":"2026-02-17T05:16:31.236327Z","limit":null,"next_cursor":null,"has_more":null}}`

### Skipped Lanes

- Routing matrix and isolation checks skipped in core-only mode.
- Browser and websocket lane skipped in core-only mode.

### API Log Snippet

```text
INFO:     Started server process [359866]
INFO:     Waiting for application startup.
INFO  [alembic.runtime.migration] Context impl SQLiteImpl.
INFO  [alembic.runtime.migration] Will assume non-transactional DDL.
INFO  [alembic.runtime.migration] Running upgrade  -> 2474ec93cdb5, initial_schema
INFO  [alembic.runtime.migration] Running upgrade 2474ec93cdb5 -> a1b2c3d4e5f6, drop_gpu_active
2026-02-17 14:16:27 [info     ] session.start                  gpu_id=0 pack_id=00000000-0000-0000-0000-000000000100 request_id=c1d95dba-25f2-4521-8d95-24139d832dd3 session_id=f4fb1834-5fc5-4fc6-b73a-df8160653a56 slug=rcei63vy exposure=EXTERNAL user_id=e3f605ce-b3b1-41f8-af1d-e539de81b451
2026-02-17 14:16:27 [info     ] session.start                  gpu_id=1 pack_id=00000000-0000-0000-0000-000000000100 request_id=3a6580d7-ddbd-4606-9dce-4b703ec50e38 session_id=bbde18c7-6516-4049-a253-34c0634ec8bd slug=6bh7kmg3 exposure=EXTERNAL user_id=8ab5bb05-1044-4b7d-af24-bac573f5737a
2026-02-17 14:16:30 [info     ] session.stop                   correlation_id=5bfaf579-d737-4e44-b00c-24b0e0d7016c gpu_id=0 pack_id=00000000-0000-0000-0000-000000000100 reason=requested recovery_mode=poll session_id=f4fb1834-5fc5-4fc6-b73a-df8160653a56 slug=rcei63vy exposure=EXTERNAL user_id=e3f605ce-b3b1-41f8-af1d-e539de81b451
2026-02-17 14:16:30 [info     ] session.recovery.decision      container_id=02ee042e0bf252f2658b515a617774a31d59e15af61de3c2d27063ddbaa1121c correlation_id=5bfaf579-d737-4e44-b00c-24b0e0d7016c recovery_mode=poll session_id=bbde18c7-6516-4049-a253-34c0634ec8bd slug=6bh7kmg3 state=running user_id=8ab5bb05-1044-4b7d-af24-bac573f5737a
2026-02-17 14:16:30 [info     ] session.poll.updated           correlation_id=5bfaf579-d737-4e44-b00c-24b0e0d7016c recovery_mode=poll updated=1
2026-02-17 14:16:35 [info     ] session.stop                   correlation_id=20932e6b-df98-4172-a8a9-69521b332ba9 gpu_id=1 pack_id=00000000-0000-0000-0000-000000000100 reason=requested recovery_mode=poll session_id=bbde18c7-6516-4049-a253-34c0634ec8bd slug=6bh7kmg3 exposure=EXTERNAL user_id=8ab5bb05-1044-4b7d-af24-bac573f5737a
2026-02-17 14:16:35 [info     ] session.poll.updated           correlation_id=20932e6b-df98-4172-a8a9-69521b332ba9 recovery_mode=poll updated=1
```

Validation complete: /home/shk/projects/MedForge/docs/evidence/2026-02-17/phase4-routing-e2e-20260217T051623Z.md
.................................                                        [100%]
33 passed in 25.25s
