 Image compose-medforge-api Building 
 Image compose-medforge-api-worker Building 
 Image compose-medforge-web Building 
 Image compose-medforge-caddy Building 
#1 [internal] load local bake definitions
#1 reading from stdin 2.20kB done
#1 DONE 0.0s

#2 [medforge-api internal] load build definition from Dockerfile
#2 transferring dockerfile: 1.05kB done
#2 DONE 0.0s

#3 [medforge-caddy internal] load build definition from Dockerfile
#3 transferring dockerfile: 450B done
#3 DONE 0.1s

#4 [medforge-web internal] load build definition from Dockerfile
#4 transferring dockerfile: 1.29kB done
#4 DONE 0.1s

#5 [medforge-api internal] load metadata for docker.io/library/python:3.12-slim
#5 DONE 0.1s

#6 [medforge-caddy internal] load metadata for docker.io/library/caddy:2@sha256:c3d7ee5d2b11f9dc54f947f68a734c84e9c9666c92c88a7f30b9cba5da182adb
#6 DONE 0.1s

#7 [medforge-caddy internal] load metadata for docker.io/library/caddy:2-builder@sha256:01668408cc26e2e00c9d067c30cb43b2ba14ad1f2808beda55503cb2a31f59dc
#7 DONE 0.1s

#8 [medforge-api internal] load .dockerignore
#8 transferring context: 125B done
#8 DONE 0.0s

#9 [medforge-api internal] load build context
#9 DONE 0.0s

#10 [medforge-caddy internal] load .dockerignore
#10 transferring context: 2B done
#10 DONE 0.0s

#11 [medforge-api 1/5] FROM docker.io/library/python:3.12-slim@sha256:9e01bf1ae5db7649a236da7be1e94ffbbbdd7a93f867dd0d8d5720d9e1f89fab
#11 resolve docker.io/library/python:3.12-slim@sha256:9e01bf1ae5db7649a236da7be1e94ffbbbdd7a93f867dd0d8d5720d9e1f89fab 0.1s done
#11 resolve docker.io/library/python:3.12-slim@sha256:9e01bf1ae5db7649a236da7be1e94ffbbbdd7a93f867dd0d8d5720d9e1f89fab 0.1s done
#11 DONE 0.1s

#9 [medforge-api-worker internal] load build context
#9 transferring context: 9.07kB done
#9 DONE 0.0s

#12 [medforge-caddy builder 1/2] FROM docker.io/library/caddy:2-builder@sha256:01668408cc26e2e00c9d067c30cb43b2ba14ad1f2808beda55503cb2a31f59dc
#12 resolve docker.io/library/caddy:2-builder@sha256:01668408cc26e2e00c9d067c30cb43b2ba14ad1f2808beda55503cb2a31f59dc 0.1s done
#12 DONE 0.1s

#13 [medforge-caddy stage-1 1/2] FROM docker.io/library/caddy:2@sha256:c3d7ee5d2b11f9dc54f947f68a734c84e9c9666c92c88a7f30b9cba5da182adb
#13 resolve docker.io/library/caddy:2@sha256:c3d7ee5d2b11f9dc54f947f68a734c84e9c9666c92c88a7f30b9cba5da182adb 0.1s done
#13 DONE 0.1s

#14 [medforge-caddy builder 2/2] RUN xcaddy build --with github.com/caddy-dns/cloudflare
#14 CACHED

#15 [medforge-api-worker 4/5] RUN apt-get update     && sed -i 's/^Components: .*/Components: main contrib non-free non-free-firmware/' /etc/apt/sources.list.d/debian.sources     && apt-get update     && apt-get install -y --no-install-recommends curl ca-certificates kmod zfsutils-linux     && curl -LsSf https://astral.sh/uv/0.8.22/install.sh | sh     && ln -s /root/.local/bin/uv /usr/local/bin/uv     && uv pip install --system --no-cache-dir .     && apt-get clean && rm -rf /var/lib/apt/lists/*
#15 CACHED

#16 [medforge-api-worker 3/5] COPY . .
#16 CACHED

#17 [medforge-api-worker 2/5] WORKDIR /app
#17 CACHED

#18 [medforge-api 5/5] RUN groupadd -g 995 docker || true     && useradd -r -m -s /bin/false -G docker medforge     && chown -R medforge:medforge /app
#18 CACHED

#19 [medforge-caddy stage-1 2/2] COPY --from=builder /usr/bin/caddy /usr/bin/caddy
#19 CACHED

#20 [medforge-api-worker 5/5] RUN groupadd -g 999 docker || true     && useradd -r -m -s /bin/false -G docker medforge     && chown -R medforge:medforge /app
#20 CACHED

#21 [medforge-api] exporting to image
#21 exporting layers done
#21 exporting manifest sha256:08283d72e4f1efa4b505a3a174481c0dae5e4bc6e1904eb4fe6897debfd77c6a done
#21 exporting config sha256:74cc7476d649c40f6864d2219702cc2c7d7b98a31e3337e425728d8260c3ad2c done
#21 exporting attestation manifest sha256:a940a56d393538e9858cf960cc254988414c7bc1899976b222b91026b4f326e2
#21 exporting attestation manifest sha256:a940a56d393538e9858cf960cc254988414c7bc1899976b222b91026b4f326e2 0.1s done
#21 exporting manifest list sha256:a09fa8ce8ae23dffe30906b7e4664efd3bd2413b9bf0df3937ffe3d5b74c04cc
#21 exporting manifest list sha256:a09fa8ce8ae23dffe30906b7e4664efd3bd2413b9bf0df3937ffe3d5b74c04cc 0.1s done
#21 naming to docker.io/library/compose-medforge-api:latest 0.0s done
#21 unpacking to docker.io/library/compose-medforge-api:latest
#21 unpacking to docker.io/library/compose-medforge-api:latest 0.0s done
#21 DONE 0.3s

#22 [medforge-api-worker] exporting to image
#22 exporting layers done
#22 exporting manifest sha256:df24cb36b145ce414204498c2cca6846fdd1003a085d20a2e86421dab6d9bb1d 0.0s done
#22 exporting config sha256:9ba142d91240b63b07ab6cbdfa059c1078bd2e4c74ffb9657700d6001c03bcdb 0.0s done
#22 exporting attestation manifest sha256:5e1e52c0301d0007a796c10b391d2788c9cc50ba7b5b38a56ed808c316232a5b 0.1s done
#22 exporting manifest list sha256:2752326d1a309aa7a0c559578091026cf8a51a8d7841e7cfad4f9e3932ed1463 0.0s done
#22 naming to docker.io/library/compose-medforge-api-worker:latest 0.0s done
#22 unpacking to docker.io/library/compose-medforge-api-worker:latest 0.0s done
#22 DONE 0.3s

#23 [medforge-caddy] exporting to image
#23 exporting layers done
#23 exporting manifest sha256:b463700f506373c916c63869919fdbd5abee2f47b37cc7989f27f84e7229a2ae done
#23 exporting config sha256:6b334487a46eb84c770484b68651c5f4ea0121c5d5e4a3788c2d622ea095c9fd 0.0s done
#23 exporting attestation manifest sha256:b32bbd88301a79d59e37c97cfc7230be229d9147ff2d9cdf6d3e0c71a69ea3b8 0.1s done
#23 exporting manifest list sha256:185a2e1971c01476eef14fd36c99c2edd480cf523bde0e28976ff643baa0279c 0.0s done
#23 naming to docker.io/library/compose-medforge-caddy:latest 0.0s done
#23 unpacking to docker.io/library/compose-medforge-caddy:latest 0.0s done
#23 DONE 0.4s

#24 [medforge-web internal] load metadata for docker.io/library/node:20-alpine
#24 DONE 0.8s

#25 [medforge-web internal] load .dockerignore
#25 transferring context: 110B done
#25 DONE 0.0s

#26 [medforge-web internal] load build context
#26 DONE 0.0s

#27 [medforge-web builder 1/6] FROM docker.io/library/node:20-alpine@sha256:09e2b3d9726018aecf269bd35325f46bf75046a643a66d28360ec71132750ec8
#27 resolve docker.io/library/node:20-alpine@sha256:09e2b3d9726018aecf269bd35325f46bf75046a643a66d28360ec71132750ec8 0.1s done
#27 DONE 0.1s

#26 [medforge-web internal] load build context
#26 transferring context: 2.80kB done
#26 DONE 0.0s

#28 [medforge-api] resolving provenance for metadata file
#28 DONE 0.1s

#29 [medforge-api-worker] resolving provenance for metadata file
#29 DONE 0.0s

#30 [medforge-caddy] resolving provenance for metadata file
#30 DONE 0.0s

#31 [medforge-web builder 3/6] COPY package.json package-lock.json* ./
#31 CACHED

#32 [medforge-web builder 6/6] RUN npm run build
#32 CACHED

#33 [medforge-web builder 2/6] WORKDIR /app
#33 CACHED

#34 [medforge-web builder 4/6] RUN npm ci --no-audit --no-fund
#34 CACHED

#35 [medforge-web runner 4/6] COPY --from=builder /app/public ./public
#35 CACHED

#36 [medforge-web runner 5/6] COPY --from=builder --chown=nextjs:nextjs /app/.next/standalone ./
#36 CACHED

#37 [medforge-web runner 3/6] RUN addgroup --system --gid 1001 nextjs     && adduser --system --uid 1001 nextjs
#37 CACHED

#38 [medforge-web builder 5/6] COPY . .
#38 CACHED

#39 [medforge-web runner 6/6] COPY --from=builder --chown=nextjs:nextjs /app/.next/static ./.next/static
#39 CACHED

#40 [medforge-web] exporting to image
#40 exporting layers done
#40 exporting manifest sha256:0576d8e7f84b86a9141653505e5958152b564751d1168816195be8ad984a33a8 done
#40 exporting config sha256:f4a234f5c0294461c9607195619901d08b3d55a21aaaa9f4ec06be037ffd1816 done
#40 exporting attestation manifest sha256:c9006ad03ac43132814ed04e2686cb99752389c2fed89ff19f512a390267ac5c 0.1s done
#40 exporting manifest list sha256:698bb90ff30f8d973acbae7813060b1c938b6c24cee76cbc7d0d5498ca05dc2e
#40 exporting manifest list sha256:698bb90ff30f8d973acbae7813060b1c938b6c24cee76cbc7d0d5498ca05dc2e 0.0s done
#40 naming to docker.io/library/compose-medforge-web:latest done
#40 unpacking to docker.io/library/compose-medforge-web:latest 0.0s done
#40 DONE 0.2s

#41 [medforge-web] resolving provenance for metadata file
#41 DONE 0.0s
 Image compose-medforge-api Built 
 Image compose-medforge-web Built 
 Image compose-medforge-api-worker Built 
 Image compose-medforge-caddy Built 
 Container medforge-db Running 
 Container medforge-api Recreate 
 Container medforge-caddy Recreate 
 Container medforge-api-worker Recreate 
 Container medforge-caddy Recreated 
 Container medforge-api Recreated 
 Container medforge-web Recreate 
 Container medforge-web Recreated 
 Container medforge-api-worker Recreated 
 Container medforge-api-worker Starting 
 Container medforge-caddy Starting 
 Container medforge-api Starting 
 Container medforge-api-worker Started 
 Container medforge-caddy Started 
 Container medforge-api Started 
 Container medforge-web Starting 
 Container medforge-web Started 
NAME                  IMAGE                                                                                COMMAND                  SERVICE               CREATED          STATUS                  PORTS
medforge-api          compose-medforge-api                                                                 "uvicorn app.main:ap…"   medforge-api          12 seconds ago   Up Less than a second   8000/tcp
medforge-api-worker   compose-medforge-api-worker                                                          "python -m app.worke…"   medforge-api-worker   12 seconds ago   Up Less than a second   8000/tcp
medforge-caddy        compose-medforge-caddy                                                               "caddy run --config …"   medforge-caddy        12 seconds ago   Up Less than a second   0.0.0.0:80->80/tcp, [::]:80->80/tcp, 0.0.0.0:443->443/tcp, [::]:443->443/tcp, 0.0.0.0:443->443/udp, [::]:443->443/udp, 2019/tcp
medforge-db           mariadb:11@sha256:7fcb6109db2ba31b22a5709c1eaf9e84f76c9f1b9b9031ef09f24092f7f207cc   "docker-entrypoint.s…"   medforge-db           2 hours ago      Up 2 hours              3306/tcp
medforge-web          compose-medforge-web                                                                 "docker-entrypoint.s…"   medforge-web          10 seconds ago   Up Less than a second   3000/tcp
61.72.69.176
medforge.medforge.xyz.
61.72.69.176
medforge.medforge.xyz.
61.72.69.176
curl: (22) The requested URL returned error: 502
curl: (22) The requested URL returned error: 502
curl: (22) The requested URL returned error: 502
api ready on attempt 4/60
web ready on attempt 1/60
gpu_count=7
pack_count=1
