 Image compose-medforge-api Building 
 Image compose-medforge-api-worker Building 
 Image compose-medforge-web Building 
 Image compose-medforge-caddy Building 
#1 [internal] load local bake definitions
#1 reading from stdin 2.20kB done
#1 DONE 0.0s

#2 [medforge-api-worker internal] load build definition from Dockerfile
#2 transferring dockerfile: 1.05kB done
#2 DONE 0.0s

#3 [medforge-caddy internal] load build definition from Dockerfile
#3 transferring dockerfile: 450B done
#3 DONE 0.1s

#4 [medforge-web internal] load build definition from Dockerfile
#4 transferring dockerfile: 1.29kB done
#4 DONE 0.1s

#5 [medforge-api internal] load metadata for docker.io/library/python:3.12-slim
#5 DONE 0.1s

#6 [medforge-api internal] load .dockerignore
#6 transferring context: 125B done
#6 DONE 0.0s

#7 [medforge-caddy internal] load metadata for docker.io/library/caddy:2@sha256:c3d7ee5d2b11f9dc54f947f68a734c84e9c9666c92c88a7f30b9cba5da182adb
#7 DONE 0.1s

#8 [medforge-caddy internal] load metadata for docker.io/library/caddy:2-builder@sha256:01668408cc26e2e00c9d067c30cb43b2ba14ad1f2808beda55503cb2a31f59dc
#8 DONE 0.1s

#9 [medforge-caddy internal] load .dockerignore
#9 transferring context: 2B done
#9 DONE 0.0s

#10 [medforge-api 1/5] FROM docker.io/library/python:3.12-slim@sha256:9e01bf1ae5db7649a236da7be1e94ffbbbdd7a93f867dd0d8d5720d9e1f89fab
#10 resolve docker.io/library/python:3.12-slim@sha256:9e01bf1ae5db7649a236da7be1e94ffbbbdd7a93f867dd0d8d5720d9e1f89fab 0.1s done
#10 DONE 0.1s

#11 [medforge-api-worker internal] load build context
#11 transferring context: 9.45kB 0.0s done
#11 transferring context: 9.45kB 0.0s done
#11 DONE 0.0s

#12 [medforge-caddy stage-1 1/2] FROM docker.io/library/caddy:2@sha256:c3d7ee5d2b11f9dc54f947f68a734c84e9c9666c92c88a7f30b9cba5da182adb
#12 resolve docker.io/library/caddy:2@sha256:c3d7ee5d2b11f9dc54f947f68a734c84e9c9666c92c88a7f30b9cba5da182adb 0.1s done
#12 DONE 0.1s

#13 [medforge-caddy builder 1/2] FROM docker.io/library/caddy:2-builder@sha256:01668408cc26e2e00c9d067c30cb43b2ba14ad1f2808beda55503cb2a31f59dc
#13 resolve docker.io/library/caddy:2-builder@sha256:01668408cc26e2e00c9d067c30cb43b2ba14ad1f2808beda55503cb2a31f59dc 0.1s done
#13 DONE 0.1s

#14 [medforge-api 3/5] COPY . .
#14 CACHED

#15 [medforge-api 4/5] RUN apt-get update     && sed -i 's/^Components: .*/Components: main contrib non-free non-free-firmware/' /etc/apt/sources.list.d/debian.sources     && apt-get update     && apt-get install -y --no-install-recommends curl ca-certificates kmod zfsutils-linux     && curl -LsSf https://astral.sh/uv/0.8.22/install.sh | sh     && ln -s /root/.local/bin/uv /usr/local/bin/uv     && uv pip install --system --no-cache-dir .     && apt-get clean && rm -rf /var/lib/apt/lists/*
#15 CACHED

#16 [medforge-api 2/5] WORKDIR /app
#16 CACHED

#17 [medforge-api 5/5] RUN groupadd -g 995 docker || true     && useradd -r -m -s /bin/false -G docker medforge     && chown -R medforge:medforge /app
#17 CACHED

#18 [medforge-api-worker 5/5] RUN groupadd -g 999 docker || true     && useradd -r -m -s /bin/false -G docker medforge     && chown -R medforge:medforge /app
#18 CACHED

#19 [medforge-caddy builder 2/2] RUN xcaddy build --with github.com/caddy-dns/cloudflare
#19 CACHED

#20 [medforge-caddy stage-1 2/2] COPY --from=builder /usr/bin/caddy /usr/bin/caddy
#20 CACHED

#21 [medforge-api] exporting to image
#21 exporting layers done
#21 exporting manifest sha256:c0964927adada73385aa896422176ad1b1bef56e91125c688f8063bbd36488ce done
#21 exporting config sha256:784d0b8baeb9991c9295374bb67ee8b3e3033db8a4357f8a2d4f2d3fc94643af done
#21 exporting attestation manifest sha256:9e55a6eb48a34936c122b8d989ff076e7e30d1eedf44a26b3b8f488136df78c4
#21 exporting attestation manifest sha256:9e55a6eb48a34936c122b8d989ff076e7e30d1eedf44a26b3b8f488136df78c4 0.1s done
#21 exporting manifest list sha256:b1c5e3e8f5ff987a5fe4bad88687700da87a5c84f11319d5a363aba0a5882334
#21 exporting manifest list sha256:b1c5e3e8f5ff987a5fe4bad88687700da87a5c84f11319d5a363aba0a5882334 0.1s done
#21 naming to docker.io/library/compose-medforge-api:latest 0.0s done
#21 unpacking to docker.io/library/compose-medforge-api:latest 0.0s done
#21 DONE 0.3s

#22 [medforge-api-worker] exporting to image
#22 exporting layers done
#22 exporting manifest sha256:46905dfe57eb11929ee15b69f128f8d25a518c6be9c34a18394c313bf5ff0aa3 done
#22 exporting config sha256:d9f83cb7fed3697981242fde92261ed2e17ed7f7e77470d2b53ad344946c93c9 done
#22 exporting attestation manifest sha256:a2c223d7be523f152f931d4d69cce863ddb7110a7c2523b85dcec86a2107bab8 0.1s done
#22 exporting manifest list sha256:a20a52279ee880b77cf2b51a682bc1ebbecf81f7570f4e2aa0f9ebf7d66107e1 0.1s done
#22 naming to docker.io/library/compose-medforge-api-worker:latest 0.0s done
#22 unpacking to docker.io/library/compose-medforge-api-worker:latest 0.0s done
#22 DONE 0.3s

#23 [medforge-caddy] exporting to image
#23 exporting layers done
#23 exporting manifest sha256:b463700f506373c916c63869919fdbd5abee2f47b37cc7989f27f84e7229a2ae done
#23 exporting config sha256:6b334487a46eb84c770484b68651c5f4ea0121c5d5e4a3788c2d622ea095c9fd 0.0s done
#23 exporting attestation manifest sha256:f18263ffdb1e13cfaa797d0595511de776533b0148117c19dfee91c03a13b6e0 0.1s done
#23 exporting manifest list sha256:be8c74f049d8e1b577c53d381afd1bc9c6b4331518996776e460049a22077acb 0.1s done
#23 naming to docker.io/library/compose-medforge-caddy:latest 0.0s done
#23 unpacking to docker.io/library/compose-medforge-caddy:latest 0.0s done
#23 DONE 0.3s

#24 [medforge-web internal] load metadata for docker.io/library/node:20-alpine
#24 ...

#25 [medforge-api-worker] resolving provenance for metadata file
#25 DONE 0.1s

#26 [medforge-api] resolving provenance for metadata file
#26 DONE 0.1s

#27 [medforge-caddy] resolving provenance for metadata file
#27 DONE 0.0s

#24 [medforge-web internal] load metadata for docker.io/library/node:20-alpine
#24 DONE 1.0s

#28 [medforge-web internal] load .dockerignore
#28 transferring context: 110B done
#28 DONE 0.0s

#29 [medforge-web internal] load build context
#29 DONE 0.0s

#30 [medforge-web builder 1/6] FROM docker.io/library/node:20-alpine@sha256:09e2b3d9726018aecf269bd35325f46bf75046a643a66d28360ec71132750ec8
#30 resolve docker.io/library/node:20-alpine@sha256:09e2b3d9726018aecf269bd35325f46bf75046a643a66d28360ec71132750ec8 0.0s done
#30 DONE 0.0s

#29 [medforge-web internal] load build context
#29 transferring context: 2.88kB done
#29 DONE 0.0s

#31 [medforge-web builder 3/6] COPY package.json package-lock.json* ./
#31 CACHED

#32 [medforge-web builder 2/6] WORKDIR /app
#32 CACHED

#33 [medforge-web builder 5/6] COPY . .
#33 CACHED

#34 [medforge-web runner 3/6] RUN addgroup --system --gid 1001 nextjs     && adduser --system --uid 1001 nextjs
#34 CACHED

#35 [medforge-web runner 4/6] COPY --from=builder /app/public ./public
#35 CACHED

#36 [medforge-web runner 5/6] COPY --from=builder --chown=nextjs:nextjs /app/.next/standalone ./
#36 CACHED

#37 [medforge-web builder 4/6] RUN npm ci --no-audit --no-fund
#37 CACHED

#38 [medforge-web builder 6/6] RUN npm run build
#38 CACHED

#39 [medforge-web runner 6/6] COPY --from=builder --chown=nextjs:nextjs /app/.next/static ./.next/static
#39 CACHED

#40 [medforge-web] exporting to image
#40 exporting layers done
#40 exporting manifest sha256:20cfd99bbbcb41d25919c8b1d28c32f72abac5e173b8f6c14ed25214c8a0165e done
#40 exporting config sha256:29fceccbd89e7815f319cc491adee044e9046283790b0199d1dcb11c74f04bf3 done
#40 exporting attestation manifest sha256:9738f1ecf4f8cda335cc98b425cf03a8458c4585fe8f28441b9860a52d3ea9d8 0.0s done
#40 exporting manifest list sha256:7fe5737b7576b3aa41688065fbd18a68f50963dab43891a0486810d03ee9e449
#40 exporting manifest list sha256:7fe5737b7576b3aa41688065fbd18a68f50963dab43891a0486810d03ee9e449 0.0s done
#40 naming to docker.io/library/compose-medforge-web:latest done
#40 unpacking to docker.io/library/compose-medforge-web:latest 0.0s done
#40 DONE 0.1s

#41 [medforge-web] resolving provenance for metadata file
#41 DONE 0.0s
 Image compose-medforge-caddy Built 
 Image compose-medforge-api Built 
 Image compose-medforge-web Built 
 Image compose-medforge-api-worker Built 
 Container medforge-db Running 
 Container medforge-caddy Recreate 
 Container medforge-api-worker Recreate 
 Container medforge-api Recreate 
 Container medforge-caddy Recreated 
 Container medforge-api Recreated 
 Container medforge-web Recreate 
 Container medforge-web Recreated 
 Container medforge-api-worker Recreated 
 Container medforge-caddy Starting 
 Container medforge-api-worker Starting 
 Container medforge-api Starting 
 Container medforge-api-worker Started 
 Container medforge-caddy Started 
 Container medforge-api Started 
 Container medforge-web Starting 
 Container medforge-web Started 
NAME                  IMAGE                                                                                COMMAND                  SERVICE               CREATED          STATUS                  PORTS
medforge-api          compose-medforge-api                                                                 "uvicorn app.main:ap…"   medforge-api          12 seconds ago   Up 1 second             8000/tcp
medforge-api-worker   compose-medforge-api-worker                                                          "python -m app.worke…"   medforge-api-worker   12 seconds ago   Up 1 second             8000/tcp
medforge-caddy        compose-medforge-caddy                                                               "caddy run --config …"   medforge-caddy        12 seconds ago   Up 1 second             0.0.0.0:80->80/tcp, [::]:80->80/tcp, 0.0.0.0:443->443/tcp, [::]:443->443/tcp, 0.0.0.0:443->443/udp, [::]:443->443/udp, 2019/tcp
medforge-db           mariadb:11@sha256:7fcb6109db2ba31b22a5709c1eaf9e84f76c9f1b9b9031ef09f24092f7f207cc   "docker-entrypoint.s…"   medforge-db           5 minutes ago    Up 5 minutes            3306/tcp
medforge-web          compose-medforge-web                                                                 "docker-entrypoint.s…"   medforge-web          11 seconds ago   Up Less than a second   3000/tcp
medforge.medforge.xyz.
61.72.69.176
medforge.medforge.xyz.
61.72.69.176
medforge.medforge.xyz.
61.72.69.176
curl: (22) The requested URL returned error: 502
curl: (22) The requested URL returned error: 502
curl: (22) The requested URL returned error: 502
api ready on attempt 4/60
web ready on attempt 1/60
gpu_count=7
pack_count=1
