 Image compose-medforge-api Building 
 Image compose-medforge-api-worker Building 
 Image compose-medforge-web Building 
 Image compose-medforge-caddy Building 
#1 [internal] load local bake definitions
#1 reading from stdin 2.20kB done
#1 DONE 0.0s

#2 [medforge-caddy internal] load build definition from Dockerfile
#2 transferring dockerfile: 450B done
#2 DONE 0.0s

#3 [medforge-web internal] load build definition from Dockerfile
#3 transferring dockerfile: 1.29kB done
#3 DONE 0.0s

#4 [medforge-api internal] load build definition from Dockerfile
#4 transferring dockerfile: 1.05kB done
#4 DONE 0.1s

#5 [medforge-caddy internal] load metadata for docker.io/library/caddy:2@sha256:c3d7ee5d2b11f9dc54f947f68a734c84e9c9666c92c88a7f30b9cba5da182adb
#5 DONE 0.1s

#6 [medforge-api internal] load metadata for docker.io/library/python:3.12-slim
#6 DONE 0.1s

#7 [medforge-caddy internal] load metadata for docker.io/library/caddy:2-builder@sha256:01668408cc26e2e00c9d067c30cb43b2ba14ad1f2808beda55503cb2a31f59dc
#7 DONE 0.1s

#8 [medforge-caddy internal] load .dockerignore
#8 transferring context: 2B done
#8 DONE 0.0s

#9 [medforge-api internal] load .dockerignore
#9 transferring context: 125B done
#9 DONE 0.0s

#10 [medforge-api internal] load build context
#10 DONE 0.0s

#11 [medforge-caddy stage-1 1/2] FROM docker.io/library/caddy:2@sha256:c3d7ee5d2b11f9dc54f947f68a734c84e9c9666c92c88a7f30b9cba5da182adb
#11 resolve docker.io/library/caddy:2@sha256:c3d7ee5d2b11f9dc54f947f68a734c84e9c9666c92c88a7f30b9cba5da182adb 0.1s done
#11 DONE 0.1s

#12 [medforge-api 1/5] FROM docker.io/library/python:3.12-slim@sha256:9e01bf1ae5db7649a236da7be1e94ffbbbdd7a93f867dd0d8d5720d9e1f89fab
#12 resolve docker.io/library/python:3.12-slim@sha256:9e01bf1ae5db7649a236da7be1e94ffbbbdd7a93f867dd0d8d5720d9e1f89fab
#12 resolve docker.io/library/python:3.12-slim@sha256:9e01bf1ae5db7649a236da7be1e94ffbbbdd7a93f867dd0d8d5720d9e1f89fab 0.1s done
#12 DONE 0.1s

#13 [medforge-caddy builder 1/2] FROM docker.io/library/caddy:2-builder@sha256:01668408cc26e2e00c9d067c30cb43b2ba14ad1f2808beda55503cb2a31f59dc
#13 resolve docker.io/library/caddy:2-builder@sha256:01668408cc26e2e00c9d067c30cb43b2ba14ad1f2808beda55503cb2a31f59dc 0.1s done
#13 DONE 0.1s

#14 [medforge-caddy builder 2/2] RUN xcaddy build --with github.com/caddy-dns/cloudflare
#14 CACHED

#15 [medforge-caddy stage-1 2/2] COPY --from=builder /usr/bin/caddy /usr/bin/caddy
#15 CACHED

#10 [medforge-api-worker internal] load build context
#10 transferring context: 9.84kB done
#10 DONE 0.0s

#16 [medforge-api-worker 4/5] RUN apt-get update     && sed -i 's/^Components: .*/Components: main contrib non-free non-free-firmware/' /etc/apt/sources.list.d/debian.sources     && apt-get update     && apt-get install -y --no-install-recommends curl ca-certificates kmod zfsutils-linux     && curl -LsSf https://astral.sh/uv/0.8.22/install.sh | sh     && ln -s /root/.local/bin/uv /usr/local/bin/uv     && uv pip install --system --no-cache-dir .     && apt-get clean && rm -rf /var/lib/apt/lists/*
#16 CACHED

#17 [medforge-api-worker 2/5] WORKDIR /app
#17 CACHED

#18 [medforge-api-worker 3/5] COPY . .
#18 CACHED

#19 [medforge-api 5/5] RUN groupadd -g 995 docker || true     && useradd -r -m -s /bin/false -G docker medforge     && chown -R medforge:medforge /app
#19 CACHED

#20 [medforge-api-worker 5/5] RUN groupadd -g 999 docker || true     && useradd -r -m -s /bin/false -G docker medforge     && chown -R medforge:medforge /app
#20 CACHED

#21 [medforge-api-worker] exporting to image
#21 exporting layers done
#21 exporting manifest sha256:5bb8c56591c2612799d1047a6ccf38cdfbbb6ac083f728855b36d15420b624d2 0.0s done
#21 exporting config sha256:d166f223f419641afed8b3ba4726dd0da79a3b6f5f1a14a1afb6e24fcf402434
#21 exporting config sha256:d166f223f419641afed8b3ba4726dd0da79a3b6f5f1a14a1afb6e24fcf402434 0.0s done
#21 exporting attestation manifest sha256:b500b3443371d4e33b8455473b3a657630d8411e364a95ef84bb1edbcc8e31aa
#21 ...

#22 [medforge-caddy] exporting to image
#22 exporting layers done
#22 exporting manifest sha256:b463700f506373c916c63869919fdbd5abee2f47b37cc7989f27f84e7229a2ae done
#22 exporting config sha256:6b334487a46eb84c770484b68651c5f4ea0121c5d5e4a3788c2d622ea095c9fd done
#22 exporting attestation manifest sha256:2ff4f3b3efac767fb4a3e9d559865ade5fc1cc4fe6c882c2ed67b29dae284cb3 0.1s done
#22 exporting manifest list sha256:73fe3d62fee9325b46fb6ec075f88ae18393f0d183e630b0b85ea2e837494d35 0.1s done
#22 naming to docker.io/library/compose-medforge-caddy:latest 0.0s done
#22 unpacking to docker.io/library/compose-medforge-caddy:latest 0.0s done
#22 DONE 0.3s

#21 [medforge-api-worker] exporting to image
#21 exporting attestation manifest sha256:b500b3443371d4e33b8455473b3a657630d8411e364a95ef84bb1edbcc8e31aa 0.1s done
#21 exporting manifest list sha256:126f6d73f4b87c81d2724e38fca10554e6897a9d1a0090b749b403ff1f4b6bad 0.0s done
#21 naming to docker.io/library/compose-medforge-api-worker:latest
#21 naming to docker.io/library/compose-medforge-api-worker:latest 0.0s done
#21 unpacking to docker.io/library/compose-medforge-api-worker:latest 0.0s done
#21 DONE 0.3s

#23 [medforge-api] exporting to image
#23 exporting layers done
#23 exporting manifest sha256:9768d7fd41ca0a2fda3dcc7d3e5be1f18a28111481ee795eae6ed53a83f17f50 0.0s done
#23 exporting config sha256:b0657bb4d68570f5dad118d57ae709be1ff0e79903613bebc0d2238916f3c57a 0.0s done
#23 exporting attestation manifest sha256:a4d86431ead9139e085765f802267c4a1e21b2b07d94d3d04b3420e345ce7648 0.1s done
#23 exporting manifest list sha256:a4469819ba0a5c89c63a38cf539f4a9ffb7443e31114f069cb3394d2884e6e86 0.1s done
#23 naming to docker.io/library/compose-medforge-api:latest 0.0s done
#23 unpacking to docker.io/library/compose-medforge-api:latest 0.0s done
#23 DONE 0.4s

#24 [medforge-web internal] load metadata for docker.io/library/node:20-alpine
#24 DONE 0.8s

#25 [medforge-web internal] load .dockerignore
#25 transferring context: 110B done
#25 DONE 0.0s

#26 [medforge-web internal] load build context
#26 DONE 0.0s

#27 [medforge-web builder 1/6] FROM docker.io/library/node:20-alpine@sha256:09e2b3d9726018aecf269bd35325f46bf75046a643a66d28360ec71132750ec8
#27 resolve docker.io/library/node:20-alpine@sha256:09e2b3d9726018aecf269bd35325f46bf75046a643a66d28360ec71132750ec8 0.1s done
#27 DONE 0.1s

#26 [medforge-web internal] load build context
#26 transferring context: 2.88kB done
#26 DONE 0.1s

#28 [medforge-api-worker] resolving provenance for metadata file
#28 DONE 0.0s

#29 [medforge-caddy] resolving provenance for metadata file
#29 DONE 0.1s

#30 [medforge-api] resolving provenance for metadata file
#30 DONE 0.0s

#31 [medforge-web runner 3/6] RUN addgroup --system --gid 1001 nextjs     && adduser --system --uid 1001 nextjs
#31 CACHED

#32 [medforge-web builder 5/6] COPY . .
#32 CACHED

#33 [medforge-web builder 2/6] WORKDIR /app
#33 CACHED

#34 [medforge-web builder 3/6] COPY package.json package-lock.json* ./
#34 CACHED

#35 [medforge-web runner 5/6] COPY --from=builder --chown=nextjs:nextjs /app/.next/standalone ./
#35 CACHED

#36 [medforge-web builder 4/6] RUN npm ci --no-audit --no-fund
#36 CACHED

#37 [medforge-web builder 6/6] RUN npm run build
#37 CACHED

#38 [medforge-web runner 4/6] COPY --from=builder /app/public ./public
#38 CACHED

#39 [medforge-web runner 6/6] COPY --from=builder --chown=nextjs:nextjs /app/.next/static ./.next/static
#39 CACHED

#40 [medforge-web] exporting to image
#40 exporting layers done
#40 exporting manifest sha256:b5d11c32871785d5197697aced51b4574d9e2dd2902cd77be5a7e1c514d11410 done
#40 exporting config sha256:21177dce95fda88fabf60e83a7aa706bfaf573593c813d56b799ec4793ba7917 done
#40 exporting attestation manifest sha256:3a4c50cf06c3b7528baeb9b3bd23d2f00aef5cd57037e3ea387a11f8448bac6a 0.1s done
#40 exporting manifest list sha256:dae2a2702d4a5037781585e98870ea8c19a20bf3cbd4dc66d424a80e23902ee2
#40 exporting manifest list sha256:dae2a2702d4a5037781585e98870ea8c19a20bf3cbd4dc66d424a80e23902ee2 0.0s done
#40 naming to docker.io/library/compose-medforge-web:latest done
#40 unpacking to docker.io/library/compose-medforge-web:latest 0.0s done
#40 DONE 0.2s

#41 [medforge-web] resolving provenance for metadata file
#41 DONE 0.0s
 Image compose-medforge-caddy Built 
 Image compose-medforge-api Built 
 Image compose-medforge-web Built 
 Image compose-medforge-api-worker Built 
 Container medforge-db Running 
 Container medforge-api-worker Recreate 
 Container medforge-caddy Recreate 
 Container medforge-api Recreate 
 Container medforge-caddy Recreated 
 Container medforge-api Recreated 
 Container medforge-web Recreate 
 Container medforge-web Recreated 
 Container medforge-api-worker Recreated 
 Container medforge-api-worker Starting 
 Container medforge-caddy Starting 
 Container medforge-api Starting 
 Container medforge-api-worker Started 
 Container medforge-caddy Started 
 Container medforge-api Started 
 Container medforge-web Starting 
 Container medforge-web Started 
NAME                  IMAGE                                                                                COMMAND                  SERVICE               CREATED          STATUS                  PORTS
medforge-api          compose-medforge-api                                                                 "uvicorn app.main:ap…"   medforge-api          11 seconds ago   Up Less than a second   8000/tcp
medforge-api-worker   compose-medforge-api-worker                                                          "python -m app.worke…"   medforge-api-worker   11 seconds ago   Up Less than a second   8000/tcp
medforge-caddy        compose-medforge-caddy                                                               "caddy run --config …"   medforge-caddy        11 seconds ago   Up Less than a second   0.0.0.0:80->80/tcp, [::]:80->80/tcp, 0.0.0.0:443->443/tcp, [::]:443->443/tcp, 0.0.0.0:443->443/udp, [::]:443->443/udp, 2019/tcp
medforge-db           mariadb:11@sha256:7fcb6109db2ba31b22a5709c1eaf9e84f76c9f1b9b9031ef09f24092f7f207cc   "docker-entrypoint.s…"   medforge-db           2 hours ago      Up 2 hours              3306/tcp
medforge-web          compose-medforge-web                                                                 "docker-entrypoint.s…"   medforge-web          10 seconds ago   Up Less than a second   3000/tcp
medforge.medforge.xyz.
61.72.69.176
medforge.medforge.xyz.
61.72.69.176
medforge.medforge.xyz.
61.72.69.176

===== parallel check: External API Reachability =====
curl: (22) The requested URL returned error: 502
curl: (22) The requested URL returned error: 502
api ready on attempt 3/60

===== parallel check: External Web Reachability =====
curl: (22) The requested URL returned error: 500
web ready on attempt 2/60
gpu_count=7
pack_count=1
