 Image compose-medforge-api Building 
 Image compose-medforge-api-worker Building 
 Image compose-medforge-web Building 
 Image compose-medforge-caddy Building 
#1 [internal] load local bake definitions
#1 reading from stdin 2.20kB done
#1 DONE 0.0s

#2 [medforge-caddy internal] load build definition from Dockerfile
#2 transferring dockerfile: 450B done
#2 DONE 0.0s

#3 [medforge-api-worker internal] load build definition from Dockerfile
#3 transferring dockerfile: 1.05kB done
#3 DONE 0.1s

#4 [medforge-web internal] load build definition from Dockerfile
#4 transferring dockerfile: 1.29kB done
#4 DONE 0.1s

#5 [medforge-caddy internal] load metadata for docker.io/library/caddy:2-builder@sha256:01668408cc26e2e00c9d067c30cb43b2ba14ad1f2808beda55503cb2a31f59dc
#5 DONE 0.0s

#6 [medforge-api-worker internal] load metadata for docker.io/library/python:3.12-slim
#6 DONE 0.1s

#7 [medforge-caddy internal] load metadata for docker.io/library/caddy:2@sha256:c3d7ee5d2b11f9dc54f947f68a734c84e9c9666c92c88a7f30b9cba5da182adb
#7 DONE 0.0s

#8 [medforge-caddy internal] load .dockerignore
#8 transferring context: 2B done
#8 DONE 0.0s

#9 [medforge-api internal] load .dockerignore
#9 transferring context: 125B done
#9 DONE 0.0s

#10 [medforge-api internal] load build context
#10 DONE 0.0s

#11 [medforge-api 1/5] FROM docker.io/library/python:3.12-slim@sha256:9e01bf1ae5db7649a236da7be1e94ffbbbdd7a93f867dd0d8d5720d9e1f89fab
#11 resolve docker.io/library/python:3.12-slim@sha256:9e01bf1ae5db7649a236da7be1e94ffbbbdd7a93f867dd0d8d5720d9e1f89fab
#11 resolve docker.io/library/python:3.12-slim@sha256:9e01bf1ae5db7649a236da7be1e94ffbbbdd7a93f867dd0d8d5720d9e1f89fab 0.1s done
#11 DONE 0.1s

#12 [medforge-caddy stage-1 1/2] FROM docker.io/library/caddy:2@sha256:c3d7ee5d2b11f9dc54f947f68a734c84e9c9666c92c88a7f30b9cba5da182adb
#12 resolve docker.io/library/caddy:2@sha256:c3d7ee5d2b11f9dc54f947f68a734c84e9c9666c92c88a7f30b9cba5da182adb 0.1s done
#12 DONE 0.1s

#13 [medforge-caddy builder 1/2] FROM docker.io/library/caddy:2-builder@sha256:01668408cc26e2e00c9d067c30cb43b2ba14ad1f2808beda55503cb2a31f59dc
#13 resolve docker.io/library/caddy:2-builder@sha256:01668408cc26e2e00c9d067c30cb43b2ba14ad1f2808beda55503cb2a31f59dc 0.1s done
#13 DONE 0.1s

#14 [medforge-caddy builder 2/2] RUN xcaddy build --with github.com/caddy-dns/cloudflare
#14 CACHED

#15 [medforge-caddy stage-1 2/2] COPY --from=builder /usr/bin/caddy /usr/bin/caddy
#15 CACHED

#10 [medforge-api-worker internal] load build context
#10 transferring context: 9.07kB done
#10 DONE 0.0s

#16 [medforge-api 4/5] RUN apt-get update     && sed -i 's/^Components: .*/Components: main contrib non-free non-free-firmware/' /etc/apt/sources.list.d/debian.sources     && apt-get update     && apt-get install -y --no-install-recommends curl ca-certificates kmod zfsutils-linux     && curl -LsSf https://astral.sh/uv/0.8.22/install.sh | sh     && ln -s /root/.local/bin/uv /usr/local/bin/uv     && uv pip install --system --no-cache-dir .     && apt-get clean && rm -rf /var/lib/apt/lists/*
#16 CACHED

#17 [medforge-api 2/5] WORKDIR /app
#17 CACHED

#18 [medforge-api 3/5] COPY . .
#18 CACHED

#19 [medforge-api 5/5] RUN groupadd -g 995 docker || true     && useradd -r -m -s /bin/false -G docker medforge     && chown -R medforge:medforge /app
#19 CACHED

#20 [medforge-api-worker 5/5] RUN groupadd -g 999 docker || true     && useradd -r -m -s /bin/false -G docker medforge     && chown -R medforge:medforge /app
#20 CACHED

#21 [medforge-api-worker] exporting to image
#21 exporting layers done
#21 exporting manifest sha256:df24cb36b145ce414204498c2cca6846fdd1003a085d20a2e86421dab6d9bb1d 0.0s done
#21 exporting config sha256:9ba142d91240b63b07ab6cbdfa059c1078bd2e4c74ffb9657700d6001c03bcdb 0.0s done
#21 exporting attestation manifest sha256:62724718346e31d789d92f358408e32467e725f9fc8e2329b4f4deb0cbb76597
#21 exporting attestation manifest sha256:62724718346e31d789d92f358408e32467e725f9fc8e2329b4f4deb0cbb76597 0.1s done
#21 exporting manifest list sha256:220b7a6e5fcec04928be2fefedeb93f0faf5a92f7930abafa30936b0d2a657cb 0.0s done
#21 naming to docker.io/library/compose-medforge-api-worker:latest done
#21 unpacking to docker.io/library/compose-medforge-api-worker:latest 0.0s done
#21 DONE 0.3s

#22 [medforge-caddy] exporting to image
#22 exporting layers done
#22 exporting manifest sha256:b463700f506373c916c63869919fdbd5abee2f47b37cc7989f27f84e7229a2ae done
#22 exporting config sha256:6b334487a46eb84c770484b68651c5f4ea0121c5d5e4a3788c2d622ea095c9fd 0.0s done
#22 exporting attestation manifest sha256:8848ee97d45d06d497960ceebbd03b8286e5002b4337ab35092359c06bab4778 0.1s done
#22 exporting manifest list sha256:9089b4f702c89a1bb04478c0ac2f6239cc5028b8128121e9cb0aeeba0cbc0f7e 0.1s done
#22 naming to docker.io/library/compose-medforge-caddy:latest 0.0s done
#22 unpacking to docker.io/library/compose-medforge-caddy:latest 0.0s done
#22 DONE 0.3s

#23 [medforge-api] exporting to image
#23 exporting layers done
#23 exporting manifest sha256:08283d72e4f1efa4b505a3a174481c0dae5e4bc6e1904eb4fe6897debfd77c6a done
#23 exporting config sha256:74cc7476d649c40f6864d2219702cc2c7d7b98a31e3337e425728d8260c3ad2c done
#23 exporting attestation manifest sha256:4d2e92f5c3dacd22b30b6482ca992a8f5293f3574a96dabe78d5b6d78f1d2079 0.1s done
#23 exporting manifest list sha256:5117b3620280e6c663d4a2b0323e3f660869ccc82ec79375a2a89665f1f8a385 0.1s done
#23 naming to docker.io/library/compose-medforge-api:latest 0.0s done
#23 unpacking to docker.io/library/compose-medforge-api:latest 0.0s done
#23 DONE 0.3s

#24 [medforge-web internal] load metadata for docker.io/library/node:20-alpine
#24 DONE 0.7s

#25 [medforge-web internal] load .dockerignore
#25 transferring context: 110B done
#25 DONE 0.0s

#26 [medforge-web internal] load build context
#26 DONE 0.0s

#27 [medforge-web builder 1/6] FROM docker.io/library/node:20-alpine@sha256:09e2b3d9726018aecf269bd35325f46bf75046a643a66d28360ec71132750ec8
#27 resolve docker.io/library/node:20-alpine@sha256:09e2b3d9726018aecf269bd35325f46bf75046a643a66d28360ec71132750ec8 0.1s done
#27 DONE 0.1s

#26 [medforge-web internal] load build context
#26 transferring context: 2.80kB done
#26 DONE 0.0s

#28 [medforge-web builder 6/6] RUN npm run build
#28 CACHED

#29 [medforge-web builder 2/6] WORKDIR /app
#29 CACHED

#30 [medforge-web runner 5/6] COPY --from=builder --chown=nextjs:nextjs /app/.next/standalone ./
#30 CACHED

#31 [medforge-web builder 3/6] COPY package.json package-lock.json* ./
#31 CACHED

#32 [medforge-web builder 4/6] RUN npm ci --no-audit --no-fund
#32 CACHED

#33 [medforge-web runner 4/6] COPY --from=builder /app/public ./public
#33 CACHED

#34 [medforge-web runner 3/6] RUN addgroup --system --gid 1001 nextjs     && adduser --system --uid 1001 nextjs
#34 CACHED

#35 [medforge-web builder 5/6] COPY . .
#35 CACHED

#36 [medforge-web runner 6/6] COPY --from=builder --chown=nextjs:nextjs /app/.next/static ./.next/static
#36 CACHED

#37 [medforge-web] exporting to image
#37 exporting layers done
#37 exporting manifest sha256:0576d8e7f84b86a9141653505e5958152b564751d1168816195be8ad984a33a8 done
#37 exporting config sha256:f4a234f5c0294461c9607195619901d08b3d55a21aaaa9f4ec06be037ffd1816 0.0s done
#37 exporting attestation manifest sha256:14a9c0dd358e20c67181d715417334ebe0ebcd7dbcf5d5d68184a1c285b5dfcc
#37 ...

#38 [medforge-caddy] resolving provenance for metadata file
#38 DONE 0.1s

#39 [medforge-api] resolving provenance for metadata file
#39 DONE 0.1s

#40 [medforge-api-worker] resolving provenance for metadata file
#40 DONE 0.0s

#37 [medforge-web] exporting to image
#37 exporting attestation manifest sha256:14a9c0dd358e20c67181d715417334ebe0ebcd7dbcf5d5d68184a1c285b5dfcc 0.1s done
#37 exporting manifest list sha256:6a0757b6fc385a8afc2debce323359091bc5767b6252c1eb758811762c46b867 0.0s done
#37 naming to docker.io/library/compose-medforge-web:latest done
#37 unpacking to docker.io/library/compose-medforge-web:latest
#37 unpacking to docker.io/library/compose-medforge-web:latest 0.0s done
#37 DONE 0.2s

#41 [medforge-web] resolving provenance for metadata file
#41 DONE 0.0s
 Image compose-medforge-api Built 
 Image compose-medforge-web Built 
 Image compose-medforge-api-worker Built 
 Image compose-medforge-caddy Built 
 Container medforge-db Running 
 Container medforge-api Recreate 
 Container medforge-caddy Recreate 
 Container medforge-api-worker Recreate 
 Container medforge-caddy Recreated 
 Container medforge-api Recreated 
 Container medforge-web Recreate 
 Container medforge-web Recreated 
 Container medforge-api-worker Recreated 
 Container medforge-caddy Starting 
 Container medforge-api Starting 
 Container medforge-api-worker Starting 
 Container medforge-api-worker Started 
 Container medforge-caddy Started 
 Container medforge-api Started 
 Container medforge-web Starting 
 Container medforge-web Started 
NAME                  IMAGE                                                                                COMMAND                  SERVICE               CREATED          STATUS                  PORTS
medforge-api          compose-medforge-api                                                                 "uvicorn app.main:ap…"   medforge-api          11 seconds ago   Up 1 second             8000/tcp
medforge-api-worker   compose-medforge-api-worker                                                          "python -m app.worke…"   medforge-api-worker   12 seconds ago   Up 1 second             8000/tcp
medforge-caddy        compose-medforge-caddy                                                               "caddy run --config …"   medforge-caddy        11 seconds ago   Up 1 second             0.0.0.0:80->80/tcp, [::]:80->80/tcp, 0.0.0.0:443->443/tcp, [::]:443->443/tcp, 0.0.0.0:443->443/udp, [::]:443->443/udp, 2019/tcp
medforge-db           mariadb:11@sha256:7fcb6109db2ba31b22a5709c1eaf9e84f76c9f1b9b9031ef09f24092f7f207cc   "docker-entrypoint.s…"   medforge-db           2 hours ago      Up 2 hours              3306/tcp
medforge-web          compose-medforge-web                                                                 "docker-entrypoint.s…"   medforge-web          10 seconds ago   Up Less than a second   3000/tcp
61.72.69.176
medforge.medforge.xyz.
61.72.69.176
medforge.medforge.xyz.
61.72.69.176
curl: (22) The requested URL returned error: 502
curl: (22) The requested URL returned error: 502
curl: (22) The requested URL returned error: 502
api ready on attempt 4/60
web ready on attempt 1/60
gpu_count=7
pack_count=1
