 Image compose-medforge-api Building 
 Image compose-medforge-api-worker Building 
 Image compose-medforge-web Building 
 Image compose-medforge-caddy Building 
#1 [internal] load local bake definitions
#1 reading from stdin 2.20kB done
#1 DONE 0.0s

#2 [medforge-api internal] load build definition from Dockerfile
#2 transferring dockerfile: 1.05kB done
#2 DONE 0.0s

#3 [medforge-caddy internal] load build definition from Dockerfile
#3 transferring dockerfile: 450B done
#3 DONE 0.0s

#4 [medforge-web internal] load build definition from Dockerfile
#4 transferring dockerfile: 1.29kB done
#4 DONE 0.1s

#5 [medforge-api-worker internal] load metadata for docker.io/library/python:3.12-slim
#5 DONE 0.1s

#6 [medforge-caddy internal] load metadata for docker.io/library/caddy:2-builder@sha256:01668408cc26e2e00c9d067c30cb43b2ba14ad1f2808beda55503cb2a31f59dc
#6 DONE 0.1s

#7 [medforge-caddy internal] load metadata for docker.io/library/caddy:2@sha256:c3d7ee5d2b11f9dc54f947f68a734c84e9c9666c92c88a7f30b9cba5da182adb
#7 DONE 0.1s

#8 [medforge-api-worker internal] load .dockerignore
#8 transferring context: 125B done
#8 DONE 0.0s

#9 [medforge-api internal] load build context
#9 DONE 0.0s

#10 [medforge-caddy internal] load .dockerignore
#10 transferring context: 2B done
#10 DONE 0.0s

#11 [medforge-api 1/5] FROM docker.io/library/python:3.12-slim@sha256:9e01bf1ae5db7649a236da7be1e94ffbbbdd7a93f867dd0d8d5720d9e1f89fab
#11 resolve docker.io/library/python:3.12-slim@sha256:9e01bf1ae5db7649a236da7be1e94ffbbbdd7a93f867dd0d8d5720d9e1f89fab 0.1s done
#11 resolve docker.io/library/python:3.12-slim@sha256:9e01bf1ae5db7649a236da7be1e94ffbbbdd7a93f867dd0d8d5720d9e1f89fab 0.1s done
#11 DONE 0.1s

#12 [medforge-caddy builder 1/2] FROM docker.io/library/caddy:2-builder@sha256:01668408cc26e2e00c9d067c30cb43b2ba14ad1f2808beda55503cb2a31f59dc
#12 resolve docker.io/library/caddy:2-builder@sha256:01668408cc26e2e00c9d067c30cb43b2ba14ad1f2808beda55503cb2a31f59dc 0.1s done
#12 DONE 0.1s

#13 [medforge-caddy stage-1 1/2] FROM docker.io/library/caddy:2@sha256:c3d7ee5d2b11f9dc54f947f68a734c84e9c9666c92c88a7f30b9cba5da182adb
#13 resolve docker.io/library/caddy:2@sha256:c3d7ee5d2b11f9dc54f947f68a734c84e9c9666c92c88a7f30b9cba5da182adb 0.1s done
#13 DONE 0.1s

#9 [medforge-api internal] load build context
#9 transferring context: 9.45kB done
#9 DONE 0.0s

#14 [medforge-caddy builder 2/2] RUN xcaddy build --with github.com/caddy-dns/cloudflare
#14 CACHED

#15 [medforge-caddy stage-1 2/2] COPY --from=builder /usr/bin/caddy /usr/bin/caddy
#15 CACHED

#16 [medforge-api-worker 3/5] COPY . .
#16 CACHED

#17 [medforge-api-worker 2/5] WORKDIR /app
#17 CACHED

#18 [medforge-api-worker 4/5] RUN apt-get update     && sed -i 's/^Components: .*/Components: main contrib non-free non-free-firmware/' /etc/apt/sources.list.d/debian.sources     && apt-get update     && apt-get install -y --no-install-recommends curl ca-certificates kmod zfsutils-linux     && curl -LsSf https://astral.sh/uv/0.8.22/install.sh | sh     && ln -s /root/.local/bin/uv /usr/local/bin/uv     && uv pip install --system --no-cache-dir .     && apt-get clean && rm -rf /var/lib/apt/lists/*
#18 CACHED

#19 [medforge-api-worker 5/5] RUN groupadd -g 999 docker || true     && useradd -r -m -s /bin/false -G docker medforge     && chown -R medforge:medforge /app
#19 CACHED

#20 [medforge-api 5/5] RUN groupadd -g 995 docker || true     && useradd -r -m -s /bin/false -G docker medforge     && chown -R medforge:medforge /app
#20 CACHED

#21 [medforge-api] exporting to image
#21 exporting layers done
#21 exporting manifest sha256:c0964927adada73385aa896422176ad1b1bef56e91125c688f8063bbd36488ce done
#21 exporting config sha256:784d0b8baeb9991c9295374bb67ee8b3e3033db8a4357f8a2d4f2d3fc94643af 0.0s done
#21 exporting attestation manifest sha256:aa47e17b40457cbd4affa519bb36cd0a64d4cacce80e2699035b2d87ff3831ef
#21 exporting attestation manifest sha256:aa47e17b40457cbd4affa519bb36cd0a64d4cacce80e2699035b2d87ff3831ef 0.1s done
#21 exporting manifest list sha256:a2264ca90fe7cf7f35705d65f3ad69933c2c56315cef04a9a42062fe4b2e2c77
#21 exporting manifest list sha256:a2264ca90fe7cf7f35705d65f3ad69933c2c56315cef04a9a42062fe4b2e2c77 0.0s done
#21 naming to docker.io/library/compose-medforge-api:latest 0.0s done
#21 unpacking to docker.io/library/compose-medforge-api:latest 0.0s done
#21 DONE 0.4s

#22 [medforge-caddy] exporting to image
#22 exporting layers done
#22 exporting manifest sha256:b463700f506373c916c63869919fdbd5abee2f47b37cc7989f27f84e7229a2ae done
#22 exporting config sha256:6b334487a46eb84c770484b68651c5f4ea0121c5d5e4a3788c2d622ea095c9fd done
#22 exporting attestation manifest sha256:082516b89debb754d178ca774becce2cd74c073e72c6aec718fe9d0dc090aeeb 0.1s done
#22 exporting manifest list sha256:e6e4aec482cb4d91b2b35e78d504c84ce3b0846beaa4aca025f72c0e5fcaa02c 0.1s done
#22 naming to docker.io/library/compose-medforge-caddy:latest 0.0s done
#22 unpacking to docker.io/library/compose-medforge-caddy:latest 0.0s done
#22 DONE 0.3s

#23 [medforge-api-worker] exporting to image
#23 exporting layers done
#23 exporting manifest sha256:46905dfe57eb11929ee15b69f128f8d25a518c6be9c34a18394c313bf5ff0aa3 done
#23 exporting config sha256:d9f83cb7fed3697981242fde92261ed2e17ed7f7e77470d2b53ad344946c93c9 0.0s done
#23 exporting attestation manifest sha256:180e8afb62bcba442489e53abdc9b0354b85de6197783734538cdc00579c25fc 0.1s done
#23 exporting manifest list sha256:dbadcb131268db9beded5f29c58518900ca0f1a5e921d1b0a05f9beaeb9d59c0 0.0s done
#23 naming to docker.io/library/compose-medforge-api-worker:latest 0.0s done
#23 unpacking to docker.io/library/compose-medforge-api-worker:latest 0.0s done
#23 DONE 0.4s

#24 [medforge-web internal] load metadata for docker.io/library/node:20-alpine
#24 DONE 0.8s

#25 [medforge-web internal] load .dockerignore
#25 transferring context: 110B done
#25 DONE 0.0s

#26 [medforge-web internal] load build context
#26 DONE 0.0s

#27 [medforge-web builder 1/6] FROM docker.io/library/node:20-alpine@sha256:09e2b3d9726018aecf269bd35325f46bf75046a643a66d28360ec71132750ec8
#27 resolve docker.io/library/node:20-alpine@sha256:09e2b3d9726018aecf269bd35325f46bf75046a643a66d28360ec71132750ec8 0.1s done
#27 DONE 0.1s

#26 [medforge-web internal] load build context
#26 transferring context: 2.88kB done
#26 DONE 0.0s

#28 [medforge-web builder 3/6] COPY package.json package-lock.json* ./
#28 CACHED

#29 [medforge-web builder 4/6] RUN npm ci --no-audit --no-fund
#29 CACHED

#30 [medforge-web builder 5/6] COPY . .
#30 CACHED

#31 [medforge-web builder 6/6] RUN npm run build
#31 CACHED

#32 [medforge-web runner 4/6] COPY --from=builder /app/public ./public
#32 CACHED

#33 [medforge-web runner 3/6] RUN addgroup --system --gid 1001 nextjs     && adduser --system --uid 1001 nextjs
#33 CACHED

#34 [medforge-web runner 5/6] COPY --from=builder --chown=nextjs:nextjs /app/.next/standalone ./
#34 CACHED

#35 [medforge-web builder 2/6] WORKDIR /app
#35 CACHED

#36 [medforge-web runner 6/6] COPY --from=builder --chown=nextjs:nextjs /app/.next/static ./.next/static
#36 CACHED

#37 [medforge-web] exporting to image
#37 exporting layers done
#37 exporting manifest sha256:20cfd99bbbcb41d25919c8b1d28c32f72abac5e173b8f6c14ed25214c8a0165e done
#37 exporting config sha256:29fceccbd89e7815f319cc491adee044e9046283790b0199d1dcb11c74f04bf3 done
#37 exporting attestation manifest sha256:c3c9ae3d3d599042c7d1a1a36d788af18ece208a4de9f734e0dafc209c879f2b 0.1s done
#37 exporting manifest list sha256:cc52dd9c99cc76baeb1ba6269ec7240b9ec30a81c8834d82960b21b7b5b411be
#37 exporting manifest list sha256:cc52dd9c99cc76baeb1ba6269ec7240b9ec30a81c8834d82960b21b7b5b411be 0.0s done
#37 naming to docker.io/library/compose-medforge-web:latest done
#37 unpacking to docker.io/library/compose-medforge-web:latest 0.0s done
#37 DONE 0.2s

#38 [medforge-caddy] resolving provenance for metadata file
#38 DONE 0.2s

#39 [medforge-api-worker] resolving provenance for metadata file
#39 DONE 0.2s

#40 [medforge-api] resolving provenance for metadata file
#40 DONE 0.0s

#41 [medforge-web] resolving provenance for metadata file
#41 DONE 0.0s
 Image compose-medforge-api-worker Built 
 Image compose-medforge-caddy Built 
 Image compose-medforge-api Built 
 Image compose-medforge-web Built 
 Container medforge-db Running 
 Container medforge-api Recreate 
 Container medforge-caddy Recreate 
 Container medforge-api-worker Recreate 
 Container medforge-caddy Recreated 
 Container medforge-api Recreated 
 Container medforge-web Recreate 
 Container medforge-web Recreated 
 Container medforge-api-worker Recreated 
 Container medforge-api Starting 
 Container medforge-caddy Starting 
 Container medforge-api-worker Starting 
 Container medforge-api-worker Started 
 Container medforge-api Started 
 Container medforge-web Starting 
 Container medforge-caddy Started 
 Container medforge-web Started 
NAME                  IMAGE                                                                                COMMAND                  SERVICE               CREATED          STATUS                  PORTS
medforge-api          compose-medforge-api                                                                 "uvicorn app.main:ap…"   medforge-api          11 seconds ago   Up 1 second             8000/tcp
medforge-api-worker   compose-medforge-api-worker                                                          "python -m app.worke…"   medforge-api-worker   11 seconds ago   Up 1 second             8000/tcp
medforge-caddy        compose-medforge-caddy                                                               "caddy run --config …"   medforge-caddy        11 seconds ago   Up 1 second             0.0.0.0:80->80/tcp, [::]:80->80/tcp, 0.0.0.0:443->443/tcp, [::]:443->443/tcp, 0.0.0.0:443->443/udp, [::]:443->443/udp, 2019/tcp
medforge-db           mariadb:11@sha256:7fcb6109db2ba31b22a5709c1eaf9e84f76c9f1b9b9031ef09f24092f7f207cc   "docker-entrypoint.s…"   medforge-db           2 minutes ago    Up 2 minutes            3306/tcp
medforge-web          compose-medforge-web                                                                 "docker-entrypoint.s…"   medforge-web          10 seconds ago   Up Less than a second   3000/tcp
medforge.medforge.xyz.
61.72.69.176
medforge.medforge.xyz.
61.72.69.176
medforge.medforge.xyz.
61.72.69.176
curl: (22) The requested URL returned error: 502
curl: (22) The requested URL returned error: 502
curl: (22) The requested URL returned error: 502
api ready on attempt 4/60
web ready on attempt 1/60
gpu_count=7
pack_count=1
