 Image compose-medforge-caddy Building 
 Image compose-medforge-api Building 
 Image compose-medforge-api-worker Building 
 Image compose-medforge-web Building 
#1 [internal] load local bake definitions
#1 reading from stdin 2.20kB done
#1 DONE 0.0s

#2 [medforge-caddy internal] load build definition from Dockerfile
#2 transferring dockerfile: 450B done
#2 DONE 0.0s

#3 [medforge-web internal] load build definition from Dockerfile
#3 transferring dockerfile: 1.29kB done
#3 DONE 0.0s

#4 [medforge-api-worker internal] load build definition from Dockerfile
#4 transferring dockerfile: 1.05kB done
#4 DONE 0.1s

#5 [medforge-api internal] load metadata for docker.io/library/python:3.12-slim
#5 DONE 0.0s

#6 [medforge-api-worker internal] load .dockerignore
#6 transferring context: 125B done
#6 DONE 0.0s

#7 [medforge-api 1/5] FROM docker.io/library/python:3.12-slim@sha256:9e01bf1ae5db7649a236da7be1e94ffbbbdd7a93f867dd0d8d5720d9e1f89fab
#7 resolve docker.io/library/python:3.12-slim@sha256:9e01bf1ae5db7649a236da7be1e94ffbbbdd7a93f867dd0d8d5720d9e1f89fab 0.0s done
#7 DONE 0.0s

#8 [medforge-api internal] load build context
#8 transferring context: 9.45kB done
#8 DONE 0.0s

#9 [medforge-api-worker 2/5] WORKDIR /app
#9 CACHED

#10 [medforge-api-worker 3/5] COPY . .
#10 CACHED

#11 [medforge-api-worker 4/5] RUN apt-get update     && sed -i 's/^Components: .*/Components: main contrib non-free non-free-firmware/' /etc/apt/sources.list.d/debian.sources     && apt-get update     && apt-get install -y --no-install-recommends curl ca-certificates kmod zfsutils-linux     && curl -LsSf https://astral.sh/uv/0.8.22/install.sh | sh     && ln -s /root/.local/bin/uv /usr/local/bin/uv     && uv pip install --system --no-cache-dir .     && apt-get clean && rm -rf /var/lib/apt/lists/*
#11 CACHED

#12 [medforge-api-worker 5/5] RUN groupadd -g 999 docker || true     && useradd -r -m -s /bin/false -G docker medforge     && chown -R medforge:medforge /app
#12 CACHED

#11 [medforge-api 4/5] RUN apt-get update     && sed -i 's/^Components: .*/Components: main contrib non-free non-free-firmware/' /etc/apt/sources.list.d/debian.sources     && apt-get update     && apt-get install -y --no-install-recommends curl ca-certificates kmod zfsutils-linux     && curl -LsSf https://astral.sh/uv/0.8.22/install.sh | sh     && ln -s /root/.local/bin/uv /usr/local/bin/uv     && uv pip install --system --no-cache-dir .     && apt-get clean && rm -rf /var/lib/apt/lists/*
#11 CACHED

#9 [medforge-api 2/5] WORKDIR /app
#9 CACHED

#10 [medforge-api 3/5] COPY . .
#10 CACHED

#13 [medforge-api 5/5] RUN groupadd -g 995 docker || true     && useradd -r -m -s /bin/false -G docker medforge     && chown -R medforge:medforge /app
#13 CACHED

#14 [medforge-api] exporting to image
#14 exporting layers done
#14 exporting manifest sha256:c0964927adada73385aa896422176ad1b1bef56e91125c688f8063bbd36488ce done
#14 exporting config sha256:784d0b8baeb9991c9295374bb67ee8b3e3033db8a4357f8a2d4f2d3fc94643af done
#14 exporting attestation manifest sha256:7081db41e2a0cf466f921ef46a84b695a5ffaac1ba2a9ed348d76850ffe4feba 0.1s done
#14 exporting manifest list sha256:3bb2a25cf212606a9e063a96da548c5b62cab38447f827c98411f9bd32db426b
#14 exporting manifest list sha256:3bb2a25cf212606a9e063a96da548c5b62cab38447f827c98411f9bd32db426b 0.0s done
#14 naming to docker.io/library/compose-medforge-api:latest 0.0s done
#14 unpacking to docker.io/library/compose-medforge-api:latest 0.0s done
#14 DONE 0.2s

#15 [medforge-api-worker] exporting to image
#15 exporting layers done
#15 exporting manifest sha256:46905dfe57eb11929ee15b69f128f8d25a518c6be9c34a18394c313bf5ff0aa3 done
#15 exporting config sha256:d9f83cb7fed3697981242fde92261ed2e17ed7f7e77470d2b53ad344946c93c9 done
#15 exporting attestation manifest sha256:d6100b4203dab7b85974e48bc9856c5f49c444501b559b1a6455ae0ff6915d95 0.1s done
#15 exporting manifest list sha256:f1cea2ec1b7293c69ab6a08fa053a552a15ab9be4a03b5ea9d44ee3631683d45 0.0s done
#15 naming to docker.io/library/compose-medforge-api-worker:latest done
#15 unpacking to docker.io/library/compose-medforge-api-worker:latest 0.0s done
#15 DONE 0.2s

#16 [medforge-web internal] load metadata for docker.io/library/node:20-alpine
#16 ...

#17 [medforge-api] resolving provenance for metadata file
#17 DONE 0.0s

#18 [medforge-api-worker] resolving provenance for metadata file
#18 DONE 0.0s

#16 [medforge-web internal] load metadata for docker.io/library/node:20-alpine
#16 DONE 0.9s

#19 [medforge-caddy internal] load metadata for docker.io/library/caddy:2-builder@sha256:01668408cc26e2e00c9d067c30cb43b2ba14ad1f2808beda55503cb2a31f59dc
#19 ...

#20 [medforge-web internal] load .dockerignore
#20 transferring context: 110B done
#20 DONE 0.0s

#21 [medforge-web builder 1/6] FROM docker.io/library/node:20-alpine@sha256:09e2b3d9726018aecf269bd35325f46bf75046a643a66d28360ec71132750ec8
#21 resolve docker.io/library/node:20-alpine@sha256:09e2b3d9726018aecf269bd35325f46bf75046a643a66d28360ec71132750ec8 0.0s done
#21 DONE 0.0s

#22 [medforge-web internal] load build context
#22 transferring context: 2.88kB done
#22 DONE 0.0s

#23 [medforge-web builder 6/6] RUN npm run build
#23 CACHED

#24 [medforge-web runner 4/6] COPY --from=builder /app/public ./public
#24 CACHED

#25 [medforge-web builder 5/6] COPY . .
#25 CACHED

#26 [medforge-web runner 5/6] COPY --from=builder --chown=nextjs:nextjs /app/.next/standalone ./
#26 CACHED

#27 [medforge-web builder 3/6] COPY package.json package-lock.json* ./
#27 CACHED

#28 [medforge-web builder 4/6] RUN npm ci --no-audit --no-fund
#28 CACHED

#29 [medforge-web builder 2/6] WORKDIR /app
#29 CACHED

#30 [medforge-web runner 3/6] RUN addgroup --system --gid 1001 nextjs     && adduser --system --uid 1001 nextjs
#30 CACHED

#31 [medforge-caddy internal] load metadata for docker.io/library/caddy:2@sha256:c3d7ee5d2b11f9dc54f947f68a734c84e9c9666c92c88a7f30b9cba5da182adb
#31 DONE 1.1s

#32 [medforge-web runner 6/6] COPY --from=builder --chown=nextjs:nextjs /app/.next/static ./.next/static
#32 CACHED

#19 [medforge-caddy internal] load metadata for docker.io/library/caddy:2-builder@sha256:01668408cc26e2e00c9d067c30cb43b2ba14ad1f2808beda55503cb2a31f59dc
#19 DONE 1.1s

#33 [medforge-caddy internal] load .dockerignore
#33 transferring context: 2B done
#33 DONE 0.0s

#34 [medforge-web] exporting to image
#34 exporting layers done
#34 exporting manifest sha256:20cfd99bbbcb41d25919c8b1d28c32f72abac5e173b8f6c14ed25214c8a0165e 0.0s done
#34 exporting config sha256:29fceccbd89e7815f319cc491adee044e9046283790b0199d1dcb11c74f04bf3 done
#34 exporting attestation manifest sha256:25eee2deb637892e6314c2cd65c99586daf315764071374133aae5506668f276 0.1s done
#34 exporting manifest list sha256:4a12d36c96cf452050aa62861824684fa559259063ee6cd3a2375816a2c1e128
#34 exporting manifest list sha256:4a12d36c96cf452050aa62861824684fa559259063ee6cd3a2375816a2c1e128 0.0s done
#34 naming to docker.io/library/compose-medforge-web:latest done
#34 unpacking to docker.io/library/compose-medforge-web:latest 0.0s done
#34 DONE 0.2s

#35 [medforge-caddy stage-1 1/2] FROM docker.io/library/caddy:2@sha256:c3d7ee5d2b11f9dc54f947f68a734c84e9c9666c92c88a7f30b9cba5da182adb
#35 resolve docker.io/library/caddy:2@sha256:c3d7ee5d2b11f9dc54f947f68a734c84e9c9666c92c88a7f30b9cba5da182adb 0.1s done
#35 DONE 0.1s

#36 [medforge-caddy builder 1/2] FROM docker.io/library/caddy:2-builder@sha256:01668408cc26e2e00c9d067c30cb43b2ba14ad1f2808beda55503cb2a31f59dc
#36 resolve docker.io/library/caddy:2-builder@sha256:01668408cc26e2e00c9d067c30cb43b2ba14ad1f2808beda55503cb2a31f59dc 0.1s done
#36 DONE 0.1s

#37 [medforge-caddy builder 2/2] RUN xcaddy build --with github.com/caddy-dns/cloudflare
#37 CACHED

#38 [medforge-caddy stage-1 2/2] COPY --from=builder /usr/bin/caddy /usr/bin/caddy
#38 CACHED

#39 [medforge-caddy] exporting to image
#39 exporting layers done
#39 exporting manifest sha256:b463700f506373c916c63869919fdbd5abee2f47b37cc7989f27f84e7229a2ae done
#39 exporting config sha256:6b334487a46eb84c770484b68651c5f4ea0121c5d5e4a3788c2d622ea095c9fd done
#39 exporting attestation manifest sha256:0e81261fd07f59d8ce72486f6cd8989e4f501baf29b43042f2bdfcd53515aac9 0.1s done
#39 exporting manifest list sha256:d1449418963b739020d660c59edc304e738795340f84d846dc3393ad8eb06f11
#39 exporting manifest list sha256:d1449418963b739020d660c59edc304e738795340f84d846dc3393ad8eb06f11 0.0s done
#39 naming to docker.io/library/compose-medforge-caddy:latest done
#39 unpacking to docker.io/library/compose-medforge-caddy:latest 0.0s done
#39 DONE 0.2s

#40 [medforge-web] resolving provenance for metadata file
#40 DONE 0.0s

#41 [medforge-caddy] resolving provenance for metadata file
#41 DONE 0.0s
 Image compose-medforge-api-worker Built 
 Image compose-medforge-caddy Built 
 Image compose-medforge-api Built 
 Image compose-medforge-web Built 
 Container medforge-db Running 
 Container medforge-caddy Recreate 
 Container medforge-api-worker Recreate 
 Container medforge-api Recreate 
 Container medforge-caddy Recreated 
 Container medforge-api Recreated 
 Container medforge-web Recreate 
 Container medforge-web Recreated 
 Container medforge-api-worker Recreated 
 Container medforge-caddy Starting 
 Container medforge-api Starting 
 Container medforge-api-worker Starting 
 Container medforge-api-worker Started 
 Container medforge-caddy Started 
 Container medforge-api Started 
 Container medforge-web Starting 
 Container medforge-web Started 
NAME                  IMAGE                                                                                COMMAND                  SERVICE               CREATED          STATUS                  PORTS
medforge-api          compose-medforge-api                                                                 "uvicorn app.main:ap…"   medforge-api          12 seconds ago   Up 1 second             8000/tcp
medforge-api-worker   compose-medforge-api-worker                                                          "python -m app.worke…"   medforge-api-worker   12 seconds ago   Up 1 second             8000/tcp
medforge-caddy        compose-medforge-caddy                                                               "caddy run --config …"   medforge-caddy        12 seconds ago   Up 1 second             0.0.0.0:80->80/tcp, [::]:80->80/tcp, 0.0.0.0:443->443/tcp, [::]:443->443/tcp, 0.0.0.0:443->443/udp, [::]:443->443/udp, 2019/tcp
medforge-db           mariadb:11@sha256:7fcb6109db2ba31b22a5709c1eaf9e84f76c9f1b9b9031ef09f24092f7f207cc   "docker-entrypoint.s…"   medforge-db           10 minutes ago   Up 10 minutes           3306/tcp
medforge-web          compose-medforge-web                                                                 "docker-entrypoint.s…"   medforge-web          11 seconds ago   Up Less than a second   3000/tcp
medforge.medforge.xyz.
61.72.69.176
medforge.medforge.xyz.
61.72.69.176
medforge.medforge.xyz.
61.72.69.176
curl: (22) The requested URL returned error: 502
curl: (22) The requested URL returned error: 502
curl: (22) The requested URL returned error: 502
api ready on attempt 4/60
web ready on attempt 1/60
gpu_count=7
pack_count=1
