medforge-api  | INFO:     Started server process [1]
medforge-api  | INFO:     Waiting for application startup.
medforge-api  | INFO  [alembic.runtime.migration] Context impl MySQLImpl.
medforge-api  | INFO  [alembic.runtime.migration] Will assume non-transactional DDL.
medforge-web  | ▲ Next.js 16.1.6
medforge-web  | - Local:         http://localhost:3000
medforge-web  | - Network:       http://0.0.0.0:3000
medforge-web  | 
medforge-web  | ✓ Starting...
medforge-web  | ✓ Ready in 73ms
medforge-api  | 2026-02-17 05:36:36 [info     ] session.start                  gpu_id=0 pack_id=00000000-0000-0000-0000-000000000100 request_id=971e21a3-7c18-4d0a-8c64-fddf77d02c65 session_id=979993a0-05d8-4d10-848c-73accbc73395 slug=tahi3rpm exposure=EXTERNAL user_id=ef5f7e25-974a-493f-8915-2c559b89afec
medforge-api  | 2026-02-17 05:36:47 [info     ] session.start                  gpu_id=1 pack_id=00000000-0000-0000-0000-000000000100 request_id=fe1d9ab4-19b3-4d9e-b3b3-c2b1d75887f7 session_id=20ed081a-ca5e-495c-805e-8436997eb6d4 slug=ete4dify exposure=EXTERNAL user_id=3fa53d38-1e96-495f-80fd-bb283914487c
medforge-api  | 2026-02-17 05:36:56 [info     ] session.stop                   correlation_id=b91f813a-55d7-47f8-b9fd-08794217c430 gpu_id=0 pack_id=00000000-0000-0000-0000-000000000100 reason=requested recovery_mode=poll session_id=979993a0-05d8-4d10-848c-73accbc73395 slug=tahi3rpm exposure=EXTERNAL user_id=ef5f7e25-974a-493f-8915-2c559b89afec
medforge-api  | 2026-02-17 05:36:56 [info     ] session.recovery.decision      container_id=685938edf6b6aaa49ccea795f35c85d2c28a865459059edf8f4874d9f7c54ba1 correlation_id=b91f813a-55d7-47f8-b9fd-08794217c430 recovery_mode=poll session_id=20ed081a-ca5e-495c-805e-8436997eb6d4 slug=ete4dify state=running user_id=3fa53d38-1e96-495f-80fd-bb283914487c
medforge-api  | 2026-02-17 05:36:56 [info     ] session.poll.updated           correlation_id=b91f813a-55d7-47f8-b9fd-08794217c430 recovery_mode=poll updated=1
medforge-api  | 2026-02-17 05:37:26 [info     ] session.recovery.decision      container_id=685938edf6b6aaa49ccea795f35c85d2c28a865459059edf8f4874d9f7c54ba1 correlation_id=80452264-9d6d-4434-ae5a-2a457e3c9f14 recovery_mode=poll session_id=20ed081a-ca5e-495c-805e-8436997eb6d4 slug=ete4dify state=running user_id=3fa53d38-1e96-495f-80fd-bb283914487c
medforge-api  | 2026-02-17 05:37:38 [info     ] session.start                  gpu_id=0 pack_id=00000000-0000-0000-0000-000000000100 request_id=9d88a751-d446-4c17-8d63-cad7b64c18f6 session_id=0e4d409e-f82b-4510-8574-48674b3ac133 slug=rs2zy6k6 exposure=EXTERNAL user_id=2e047ad4-2fda-43cc-b267-c6fa512e6e29
medforge-api  | 2026-02-17 05:37:56 [info     ] session.stop                   correlation_id=e709a7a9-4cf5-4689-9f4f-fed4194fe3c9 gpu_id=1 pack_id=00000000-0000-0000-0000-000000000100 reason=requested recovery_mode=poll session_id=20ed081a-ca5e-495c-805e-8436997eb6d4 slug=ete4dify exposure=EXTERNAL user_id=3fa53d38-1e96-495f-80fd-bb283914487c
medforge-api  | 2026-02-17 05:37:56 [info     ] session.recovery.decision      container_id=45e365a15d9192b7962420bdbb720caf4926a6ae1a934cfc471ab32e38358865 correlation_id=e709a7a9-4cf5-4689-9f4f-fed4194fe3c9 recovery_mode=poll session_id=0e4d409e-f82b-4510-8574-48674b3ac133 slug=rs2zy6k6 state=running user_id=2e047ad4-2fda-43cc-b267-c6fa512e6e29
medforge-api  | 2026-02-17 05:37:56 [info     ] session.poll.updated           correlation_id=e709a7a9-4cf5-4689-9f4f-fed4194fe3c9 recovery_mode=poll updated=1
medforge-api  | 2026-02-17 05:38:26 [info     ] session.recovery.decision      container_id=45e365a15d9192b7962420bdbb720caf4926a6ae1a934cfc471ab32e38358865 correlation_id=ac31bea8-a946-43b2-aab4-4a958cca6bae recovery_mode=poll session_id=0e4d409e-f82b-4510-8574-48674b3ac133 slug=rs2zy6k6 state=running user_id=2e047ad4-2fda-43cc-b267-c6fa512e6e29
medforge-api  | 2026-02-17 05:38:56 [info     ] session.recovery.decision      container_id=45e365a15d9192b7962420bdbb720caf4926a6ae1a934cfc471ab32e38358865 correlation_id=ba1d8368-95b0-4a5a-8623-05b9606a6c35 recovery_mode=poll session_id=0e4d409e-f82b-4510-8574-48674b3ac133 slug=rs2zy6k6 state=running user_id=2e047ad4-2fda-43cc-b267-c6fa512e6e29
medforge-api  | 2026-02-17 05:39:27 [info     ] session.recovery.decision      container_id=45e365a15d9192b7962420bdbb720caf4926a6ae1a934cfc471ab32e38358865 correlation_id=f55c1844-e11d-4b8b-a2cf-feb146ebd1f0 recovery_mode=poll session_id=0e4d409e-f82b-4510-8574-48674b3ac133 slug=rs2zy6k6 state=running user_id=2e047ad4-2fda-43cc-b267-c6fa512e6e29
medforge-api  | 2026-02-17 05:39:57 [info     ] session.recovery.decision      container_id=45e365a15d9192b7962420bdbb720caf4926a6ae1a934cfc471ab32e38358865 correlation_id=bd85e807-c9ee-4243-aabf-9f31a996a361 recovery_mode=poll session_id=0e4d409e-f82b-4510-8574-48674b3ac133 slug=rs2zy6k6 state=running user_id=2e047ad4-2fda-43cc-b267-c6fa512e6e29
medforge-api  | 2026-02-17 05:40:27 [info     ] session.recovery.decision      container_id=45e365a15d9192b7962420bdbb720caf4926a6ae1a934cfc471ab32e38358865 correlation_id=51a2ff41-ff6b-4777-b921-7c09ce5251e5 recovery_mode=poll session_id=0e4d409e-f82b-4510-8574-48674b3ac133 slug=rs2zy6k6 state=running user_id=2e047ad4-2fda-43cc-b267-c6fa512e6e29
medforge-api  | 2026-02-17 05:40:57 [info     ] session.recovery.decision      container_id=45e365a15d9192b7962420bdbb720caf4926a6ae1a934cfc471ab32e38358865 correlation_id=6fa090f4-9ef2-4d95-a194-f48462d0b8e1 recovery_mode=poll session_id=0e4d409e-f82b-4510-8574-48674b3ac133 slug=rs2zy6k6 state=running user_id=2e047ad4-2fda-43cc-b267-c6fa512e6e29
medforge-api  | 2026-02-17 05:41:27 [info     ] session.recovery.decision      container_id=45e365a15d9192b7962420bdbb720caf4926a6ae1a934cfc471ab32e38358865 correlation_id=38728132-8a40-441a-b00c-23f9f3174ded recovery_mode=poll session_id=0e4d409e-f82b-4510-8574-48674b3ac133 slug=rs2zy6k6 state=running user_id=2e047ad4-2fda-43cc-b267-c6fa512e6e29
medforge-api  | 2026-02-17 05:41:57 [info     ] session.stop                   correlation_id=ef889439-d2bd-44e2-96f7-7f82ba8c6df1 gpu_id=0 pack_id=00000000-0000-0000-0000-000000000100 reason=requested recovery_mode=poll session_id=0e4d409e-f82b-4510-8574-48674b3ac133 slug=rs2zy6k6 exposure=EXTERNAL user_id=2e047ad4-2fda-43cc-b267-c6fa512e6e29
medforge-api  | 2026-02-17 05:41:57 [info     ] session.poll.updated           correlation_id=ef889439-d2bd-44e2-96f7-7f82ba8c6df1 recovery_mode=poll updated=1
medforge-api  | 2026-02-17 05:42:07 [info     ] session.start                  gpu_id=0 pack_id=00000000-0000-0000-0000-000000000100 request_id=50c55dc8-545b-4abc-8282-384ef243df25 session_id=0e056a6e-16a0-481d-af55-55a6e1e5b444 slug=jmpitxah exposure=EXTERNAL user_id=5da9697b-c0fd-402f-b0ef-8057a6afcbae
medforge-api  | 2026-02-17 05:42:27 [info     ] session.recovery.decision      container_id=4fecfaa15eb1a398d3aed78c8040244221a3c8dd3b1936a7cbc1ea02464531f2 correlation_id=d4d7f1c3-75b5-421b-8101-293df0bec739 recovery_mode=poll session_id=0e056a6e-16a0-481d-af55-55a6e1e5b444 slug=jmpitxah state=running user_id=5da9697b-c0fd-402f-b0ef-8057a6afcbae
medforge-api  | 2026-02-17 05:42:57 [info     ] session.recovery.decision      container_id=4fecfaa15eb1a398d3aed78c8040244221a3c8dd3b1936a7cbc1ea02464531f2 correlation_id=e3fe61ff-8d44-4f75-9559-2096fb9395af recovery_mode=poll session_id=0e056a6e-16a0-481d-af55-55a6e1e5b444 slug=jmpitxah state=running user_id=5da9697b-c0fd-402f-b0ef-8057a6afcbae
medforge-api  | 2026-02-17 05:43:27 [info     ] session.recovery.decision      container_id=4fecfaa15eb1a398d3aed78c8040244221a3c8dd3b1936a7cbc1ea02464531f2 correlation_id=4bdd09da-c2c9-44bd-8ccc-4d5f7b7b9d42 recovery_mode=poll session_id=0e056a6e-16a0-481d-af55-55a6e1e5b444 slug=jmpitxah state=running user_id=5da9697b-c0fd-402f-b0ef-8057a6afcbae
medforge-api  | INFO:     Started server process [1]
medforge-api  | INFO:     Waiting for application startup.
medforge-api  | INFO  [alembic.runtime.migration] Context impl MySQLImpl.
medforge-api  | INFO  [alembic.runtime.migration] Will assume non-transactional DDL.
medforge-api  | 2026-02-17 05:43:39 [info     ] session.recovery.decision      container_id=None correlation_id=b2c21afa-e733-445f-9e65-c078161809fb recovery_mode=startup session_id=0e056a6e-16a0-481d-af55-55a6e1e5b444 slug=jmpitxah state=missing user_id=5da9697b-c0fd-402f-b0ef-8057a6afcbae
medforge-api  | 2026-02-17 05:43:39 [info     ] session.stop                   correlation_id=b2c21afa-e733-445f-9e65-c078161809fb gpu_id=0 pack_id=00000000-0000-0000-0000-000000000100 reason=container_death recovery_mode=startup session_id=0e056a6e-16a0-481d-af55-55a6e1e5b444 slug=jmpitxah exposure=EXTERNAL user_id=5da9697b-c0fd-402f-b0ef-8057a6afcbae
medforge-api  | 2026-02-17 05:43:39 [info     ] session.reconcile.updated      correlation_id=b2c21afa-e733-445f-9e65-c078161809fb recovery_mode=startup updated=1
medforge-caddy  | {"level":"info","ts":1771306524.7773843,"msg":"maxprocs: Leaving GOMAXPROCS=128: CPU quota undefined"}
medforge-caddy  | {"level":"info","ts":1771306524.777552,"msg":"GOMEMLIMIT is updated","package":"github.com/KimMachineGun/automemlimit/memlimit","GOMEMLIMIT":486097462886,"previous":9223372036854775807}
medforge-caddy  | {"level":"info","ts":1771306524.7775838,"msg":"using config from file","file":"/etc/caddy/Caddyfile"}
medforge-caddy  | {"level":"warn","ts":1771306524.7784407,"logger":"caddyfile","msg":"Unnecessary header_up X-Forwarded-For: the reverse proxy's default behavior is to pass headers to the upstream"}
medforge-caddy  | {"level":"warn","ts":1771306524.778565,"logger":"caddyfile","msg":"Unnecessary header_up X-Forwarded-Proto: the reverse proxy's default behavior is to pass headers to the upstream"}
medforge-caddy  | {"level":"info","ts":1771306524.7794306,"msg":"adapted config to JSON","adapter":"caddyfile"}
medforge-caddy  | {"level":"info","ts":1771306524.7807868,"logger":"admin","msg":"admin endpoint started","address":"localhost:2019","enforce_origin":false,"origins":["//localhost:2019","//[::1]:2019","//127.0.0.1:2019"]}
medforge-caddy  | {"level":"info","ts":1771306524.7811007,"logger":"http.auto_https","msg":"server is listening only on the HTTPS port but has no TLS connection policies; adding one to enable TLS","server_name":"srv0","https_port":443}
medforge-caddy  | {"level":"info","ts":1771306524.7811182,"logger":"http.auto_https","msg":"enabling automatic HTTP->HTTPS redirects","server_name":"srv0"}
medforge-caddy  | {"level":"info","ts":1771306524.7811716,"logger":"tls.cache.maintenance","msg":"started background certificate maintenance","cache":"0x1ea5c7238080"}
medforge-caddy  | {"level":"warn","ts":1771306524.782956,"logger":"http","msg":"HTTP/2 skipped because it requires TLS","network":"tcp","addr":":80"}
medforge-caddy  | {"level":"warn","ts":1771306524.783047,"logger":"http","msg":"HTTP/3 skipped because it requires TLS","network":"tcp","addr":":80"}
medforge-caddy  | {"level":"info","ts":1771306524.7830591,"logger":"http.log","msg":"server running","name":"remaining_auto_https_redirects","protocols":["h1","h2","h3"]}
medforge-caddy  | {"level":"info","ts":1771306524.7830975,"logger":"http","msg":"enabling HTTP/3 listener","addr":":443"}
medforge-caddy  | {"level":"info","ts":1771306524.7833843,"logger":"http.log","msg":"server running","name":"srv0","protocols":["h1","h2","h3"]}
medforge-caddy  | {"level":"info","ts":1771306524.7834044,"logger":"http","msg":"enabling automatic TLS certificate management","domains":["*.medforge.medforge.xyz","api.medforge.medforge.xyz","medforge.medforge.xyz"]}
medforge-caddy  | {"level":"info","ts":1771306524.7846968,"msg":"autosaved config (load with --resume flag)","file":"/config/caddy/autosave.json"}
medforge-caddy  | {"level":"info","ts":1771306524.7847786,"msg":"serving initial configuration"}
medforge-caddy  | {"level":"info","ts":1771306524.7871933,"logger":"tls","msg":"storage cleaning happened too recently; skipping for now","storage":"FileStorage:/data/caddy","instance":"ee5e951a-3cd9-48f9-a27d-2b27b46567f3","try_again":1771392924.7871907,"try_again_in":86399.999999369}
medforge-caddy  | {"level":"info","ts":1771306524.7873795,"logger":"tls","msg":"finished cleaning storage units"}
medforge-caddy  | {"level":"info","ts":1771306771.1442962,"msg":"shutting down apps, then terminating","signal":"SIGTERM"}
medforge-caddy  | {"level":"warn","ts":1771306771.1444232,"msg":"exiting; byeee!! 👋","signal":"SIGTERM"}
medforge-caddy  | {"level":"info","ts":1771306771.144491,"logger":"http","msg":"servers shutting down with eternal grace period"}
medforge-caddy  | {"level":"info","ts":1771306771.1448638,"logger":"admin","msg":"stopped previous server","address":"localhost:2019"}
medforge-caddy  | {"level":"info","ts":1771306771.144875,"msg":"shutdown complete","signal":"SIGTERM","exit_code":0}
medforge-caddy  | {"level":"info","ts":1771306772.218785,"msg":"maxprocs: Leaving GOMAXPROCS=128: CPU quota undefined"}
medforge-caddy  | {"level":"info","ts":1771306772.2189584,"msg":"GOMEMLIMIT is updated","package":"github.com/KimMachineGun/automemlimit/memlimit","GOMEMLIMIT":486097462886,"previous":9223372036854775807}
medforge-caddy  | {"level":"info","ts":1771306772.2190006,"msg":"using config from file","file":"/etc/caddy/Caddyfile"}
medforge-caddy  | {"level":"warn","ts":1771306772.2197423,"logger":"caddyfile","msg":"Unnecessary header_up X-Forwarded-For: the reverse proxy's default behavior is to pass headers to the upstream"}
medforge-caddy  | {"level":"warn","ts":1771306772.2198613,"logger":"caddyfile","msg":"Unnecessary header_up X-Forwarded-Proto: the reverse proxy's default behavior is to pass headers to the upstream"}
medforge-caddy  | {"level":"info","ts":1771306772.220547,"msg":"adapted config to JSON","adapter":"caddyfile"}
medforge-caddy  | {"level":"info","ts":1771306772.2218072,"logger":"admin","msg":"admin endpoint started","address":"localhost:2019","enforce_origin":false,"origins":["//localhost:2019","//[::1]:2019","//127.0.0.1:2019"]}
medforge-caddy  | {"level":"info","ts":1771306772.2221537,"logger":"http.auto_https","msg":"server is listening only on the HTTPS port but has no TLS connection policies; adding one to enable TLS","server_name":"srv0","https_port":443}
medforge-caddy  | {"level":"info","ts":1771306772.222193,"logger":"http.auto_https","msg":"enabling automatic HTTP->HTTPS redirects","server_name":"srv0"}
medforge-caddy  | {"level":"info","ts":1771306772.2222428,"logger":"tls.cache.maintenance","msg":"started background certificate maintenance","cache":"0x3ce82722ad80"}
medforge-caddy  | {"level":"info","ts":1771306772.2252839,"logger":"http","msg":"enabling HTTP/3 listener","addr":":443"}
medforge-caddy  | {"level":"info","ts":1771306772.2256172,"logger":"http.log","msg":"server running","name":"srv0","protocols":["h1","h2","h3"]}
medforge-caddy  | {"level":"warn","ts":1771306772.2256799,"logger":"http","msg":"HTTP/2 skipped because it requires TLS","network":"tcp","addr":":80"}
medforge-caddy  | {"level":"warn","ts":1771306772.225683,"logger":"http","msg":"HTTP/3 skipped because it requires TLS","network":"tcp","addr":":80"}
medforge-caddy  | {"level":"info","ts":1771306772.2256901,"logger":"http.log","msg":"server running","name":"remaining_auto_https_redirects","protocols":["h1","h2","h3"]}
medforge-caddy  | {"level":"info","ts":1771306772.225694,"logger":"http","msg":"enabling automatic TLS certificate management","domains":["medforge.medforge.xyz","*.medforge.medforge.xyz","api.medforge.medforge.xyz"]}
medforge-caddy  | {"level":"info","ts":1771306772.2270603,"msg":"autosaved config (load with --resume flag)","file":"/config/caddy/autosave.json"}
medforge-caddy  | {"level":"info","ts":1771306772.2270708,"msg":"serving initial configuration"}
medforge-caddy  | {"level":"info","ts":1771306772.2301679,"logger":"tls","msg":"storage cleaning happened too recently; skipping for now","storage":"FileStorage:/data/caddy","instance":"ee5e951a-3cd9-48f9-a27d-2b27b46567f3","try_again":1771393172.2301645,"try_again_in":86399.999999559}
medforge-caddy  | {"level":"info","ts":1771306772.2303772,"logger":"tls","msg":"finished cleaning storage units"}
medforge-caddy  | {"level":"info","ts":1771306825.4605825,"msg":"shutting down apps, then terminating","signal":"SIGTERM"}
medforge-caddy  | {"level":"warn","ts":1771306825.4609375,"msg":"exiting; byeee!! 👋","signal":"SIGTERM"}
medforge-caddy  | {"level":"info","ts":1771306825.4610312,"logger":"http","msg":"servers shutting down with eternal grace period"}
medforge-caddy  | {"level":"info","ts":1771306825.4613264,"logger":"admin","msg":"stopped previous server","address":"localhost:2019"}
medforge-caddy  | {"level":"info","ts":1771306825.4615629,"msg":"shutdown complete","signal":"SIGTERM","exit_code":0}
medforge-caddy  | {"level":"info","ts":1771306826.5011656,"msg":"maxprocs: Leaving GOMAXPROCS=128: CPU quota undefined"}
medforge-caddy  | {"level":"info","ts":1771306826.5043015,"msg":"GOMEMLIMIT is updated","package":"github.com/KimMachineGun/automemlimit/memlimit","GOMEMLIMIT":486097462886,"previous":9223372036854775807}
medforge-caddy  | {"level":"info","ts":1771306826.504344,"msg":"using config from file","file":"/etc/caddy/Caddyfile"}
medforge-caddy  | {"level":"warn","ts":1771306826.5053034,"logger":"caddyfile","msg":"Unnecessary header_up X-Forwarded-For: the reverse proxy's default behavior is to pass headers to the upstream"}
medforge-caddy  | {"level":"warn","ts":1771306826.50545,"logger":"caddyfile","msg":"Unnecessary header_up X-Forwarded-Proto: the reverse proxy's default behavior is to pass headers to the upstream"}
medforge-caddy  | {"level":"info","ts":1771306826.5062377,"msg":"adapted config to JSON","adapter":"caddyfile"}
medforge-caddy  | {"level":"info","ts":1771306826.50755,"logger":"admin","msg":"admin endpoint started","address":"localhost:2019","enforce_origin":false,"origins":["//localhost:2019","//[::1]:2019","//127.0.0.1:2019"]}
medforge-caddy  | {"level":"info","ts":1771306826.5078735,"logger":"http.auto_https","msg":"server is listening only on the HTTPS port but has no TLS connection policies; adding one to enable TLS","server_name":"srv0","https_port":443}
medforge-caddy  | {"level":"info","ts":1771306826.5079145,"logger":"http.auto_https","msg":"enabling automatic HTTP->HTTPS redirects","server_name":"srv0"}
medforge-caddy  | {"level":"info","ts":1771306826.5079544,"logger":"tls.cache.maintenance","msg":"started background certificate maintenance","cache":"0x261d8a0ee080"}
medforge-caddy  | {"level":"info","ts":1771306826.5085378,"logger":"http","msg":"enabling HTTP/3 listener","addr":":443"}
medforge-caddy  | {"level":"info","ts":1771306826.50882,"logger":"http.log","msg":"server running","name":"srv0","protocols":["h1","h2","h3"]}
medforge-caddy  | {"level":"warn","ts":1771306826.5088654,"logger":"http","msg":"HTTP/2 skipped because it requires TLS","network":"tcp","addr":":80"}
medforge-caddy  | {"level":"warn","ts":1771306826.5088685,"logger":"http","msg":"HTTP/3 skipped because it requires TLS","network":"tcp","addr":":80"}
medforge-caddy  | {"level":"info","ts":1771306826.5088701,"logger":"http.log","msg":"server running","name":"remaining_auto_https_redirects","protocols":["h1","h2","h3"]}
medforge-caddy  | {"level":"info","ts":1771306826.5088732,"logger":"http","msg":"enabling automatic TLS certificate management","domains":["medforge.medforge.xyz","*.medforge.medforge.xyz","api.medforge.medforge.xyz"]}
medforge-caddy  | {"level":"info","ts":1771306826.509739,"msg":"autosaved config (load with --resume flag)","file":"/config/caddy/autosave.json"}
medforge-caddy  | {"level":"info","ts":1771306826.5097504,"msg":"serving initial configuration"}
medforge-caddy  | {"level":"info","ts":1771306826.5123374,"logger":"tls","msg":"storage cleaning happened too recently; skipping for now","storage":"FileStorage:/data/caddy","instance":"ee5e951a-3cd9-48f9-a27d-2b27b46567f3","try_again":1771393226.5123355,"try_again_in":86399.999999549}
medforge-caddy  | {"level":"info","ts":1771306826.512458,"logger":"tls","msg":"finished cleaning storage units"}
medforge-caddy  | {"level":"error","ts":1771306830.5274634,"logger":"http.log.error","msg":"dial tcp 172.30.0.4:8080: i/o timeout","request":{"remote_ip":"61.72.69.176","remote_port":"56742","client_ip":"61.72.69.176","proto":"HTTP/2.0","method":"GET","host":"s-rs2zy6k6.medforge.medforge.xyz","uri":"/","headers":{"Cookie":["REDACTED"],"User-Agent":["curl/8.5.0"],"Accept":["*/*"]},"tls":{"resumed":false,"version":772,"cipher_suite":4865,"proto":"h2","server_name":"s-rs2zy6k6.medforge.medforge.xyz"}},"duration":3.031594744,"status":502,"err_id":"9mrycw5xw","err_trace":"reverseproxy.statusError (reverseproxy.go:1390)"}
medforge-caddy  | {"level":"error","ts":1771306837.8292944,"logger":"http.log.error","msg":"dial tcp 172.30.0.4:8080: i/o timeout","request":{"remote_ip":"61.72.69.176","remote_port":"60218","client_ip":"61.72.69.176","proto":"HTTP/2.0","method":"GET","host":"s-rs2zy6k6.medforge.medforge.xyz","uri":"/","headers":{"Accept":["*/*"],"Cookie":["REDACTED"],"User-Agent":["curl/8.5.0"]},"tls":{"resumed":false,"version":772,"cipher_suite":4865,"proto":"h2","server_name":"s-rs2zy6k6.medforge.medforge.xyz"}},"duration":3.026551139,"status":502,"err_id":"rjhpgv7eg","err_trace":"reverseproxy.statusError (reverseproxy.go:1390)"}
medforge-caddy  | {"level":"error","ts":1771306928.162675,"logger":"http.log.error","msg":"dial tcp 172.30.0.4:8080: connect: connection refused","request":{"remote_ip":"61.72.69.176","remote_port":"59658","client_ip":"61.72.69.176","proto":"HTTP/2.0","method":"GET","host":"s-jmpitxah.medforge.medforge.xyz","uri":"/","headers":{"User-Agent":["Mozilla/5.0 (Windows NT 10.0; Win64; x64) AppleWebKit/537.36 (KHTML, like Gecko) Chrome/134.0.6998.35 Safari/537.36"],"Accept":["text/html,application/xhtml+xml,application/xml;q=0.9,image/avif,image/webp,image/apng,*/*;q=0.8,application/signed-exchange;v=b3;q=0.7"],"Sec-Fetch-User":["?1"],"Accept-Language":["en-US"],"Sec-Fetch-Mode":["navigate"],"Accept-Encoding":["gzip, deflate, br, zstd"],"Cookie":["REDACTED"],"Sec-Fetch-Site":["none"],"Sec-Fetch-Dest":["document"],"Priority":["u=0, i"],"Sec-Ch-Ua":["\"Chromium\";v=\"134\", \"Not:A-Brand\";v=\"24\", \"HeadlessChrome\";v=\"134\""],"Sec-Ch-Ua-Mobile":["?0"],"Sec-Ch-Ua-Platform":["\"Windows\""],"Upgrade-Insecure-Requests":["1"]},"tls":{"resumed":false,"version":772,"cipher_suite":4865,"proto":"h2","server_name":"s-jmpitxah.medforge.medforge.xyz"}},"duration":0.026198056,"status":502,"err_id":"d9bz5ekbc","err_trace":"reverseproxy.statusError (reverseproxy.go:1390)"}
medforge-api    | 2026-02-17 05:45:23 [info     ] session.start                  gpu_id=0 pack_id=00000000-0000-0000-0000-000000000100 request_id=c6b5cc6c-7ad6-4d95-a182-211bd382610c session_id=be92663b-55e0-464e-97ce-51da19588a23 slug=aa4ju75g exposure=EXTERNAL user_id=b249223c-e129-4477-915a-b7fdce354aac
medforge-caddy  | {"level":"error","ts":1771307123.758632,"logger":"http.log.error","msg":"dial tcp 172.30.0.4:8080: connect: connection refused","request":{"remote_ip":"61.72.69.176","remote_port":"48380","client_ip":"61.72.69.176","proto":"HTTP/2.0","method":"GET","host":"s-aa4ju75g.medforge.medforge.xyz","uri":"/","headers":{"Accept":["*/*"],"Cookie":["REDACTED"],"User-Agent":["curl/8.5.0"]},"tls":{"resumed":false,"version":772,"cipher_suite":4865,"proto":"h2","server_name":"s-aa4ju75g.medforge.medforge.xyz"}},"duration":0.029124226,"status":502,"err_id":"8iyid77pa","err_trace":"reverseproxy.statusError (reverseproxy.go:1390)"}
medforge-api    | 2026-02-17 05:45:40 [info     ] session.stop                   correlation_id=f9ead080-8296-4c4d-89b0-7968a6f1a394 gpu_id=0 pack_id=00000000-0000-0000-0000-000000000100 reason=requested recovery_mode=poll session_id=be92663b-55e0-464e-97ce-51da19588a23 slug=aa4ju75g exposure=EXTERNAL user_id=b249223c-e129-4477-915a-b7fdce354aac
medforge-api    | 2026-02-17 05:45:40 [info     ] session.poll.updated           correlation_id=f9ead080-8296-4c4d-89b0-7968a6f1a394 recovery_mode=poll updated=1

